ERROR - 2023-09-24 02:21:28 --> You have an error in your SQL syntax; check the manual that corresponds to your MariaDB server version for the right syntax to use near 'AND laporan.status = 'proses'' at line 8
CRITICAL - 2023-09-24 02:21:28 --> You have an error in your SQL syntax; check the manual that corresponds to your MariaDB server version for the right syntax to use near 'AND laporan.status = 'proses'' at line 8
#0 /opt/lampp/htdocs/CodeIgniter4-4.1.9/system/Database/MySQLi/Connection.php(292): mysqli->query()
#1 /opt/lampp/htdocs/CodeIgniter4-4.1.9/system/Database/BaseConnection.php(670): CodeIgniter\Database\MySQLi\Connection->execute()
#2 /opt/lampp/htdocs/CodeIgniter4-4.1.9/system/Database/BaseConnection.php(598): CodeIgniter\Database\BaseConnection->simpleQuery()
#3 /opt/lampp/htdocs/CodeIgniter4-4.1.9/app/Models/LaporanModel.php(56): CodeIgniter\Database\BaseConnection->query()
#4 /opt/lampp/htdocs/CodeIgniter4-4.1.9/app/Controllers/Pelaporan.php(38): App\Models\LaporanModel->getArrLaporanProses()
#5 /opt/lampp/htdocs/CodeIgniter4-4.1.9/system/CodeIgniter.php(832): App\Controllers\Pelaporan->index()
#6 /opt/lampp/htdocs/CodeIgniter4-4.1.9/system/CodeIgniter.php(419): CodeIgniter\CodeIgniter->runController()
#7 /opt/lampp/htdocs/CodeIgniter4-4.1.9/system/CodeIgniter.php(326): CodeIgniter\CodeIgniter->handleRequest()
#8 /opt/lampp/htdocs/CodeIgniter4-4.1.9/public/index.php(37): CodeIgniter\CodeIgniter->run()
#9 /opt/lampp/htdocs/CodeIgniter4-4.1.9/system/Commands/Server/rewrite.php(43): require_once('...')
#10 {main}
ERROR - 2023-09-24 02:21:40 --> You have an error in your SQL syntax; check the manual that corresponds to your MariaDB server version for the right syntax to use near 'AND laporan.status = 'proses'' at line 8
CRITICAL - 2023-09-24 02:21:40 --> You have an error in your SQL syntax; check the manual that corresponds to your MariaDB server version for the right syntax to use near 'AND laporan.status = 'proses'' at line 8
#0 /opt/lampp/htdocs/CodeIgniter4-4.1.9/system/Database/MySQLi/Connection.php(292): mysqli->query()
#1 /opt/lampp/htdocs/CodeIgniter4-4.1.9/system/Database/BaseConnection.php(670): CodeIgniter\Database\MySQLi\Connection->execute()
#2 /opt/lampp/htdocs/CodeIgniter4-4.1.9/system/Database/BaseConnection.php(598): CodeIgniter\Database\BaseConnection->simpleQuery()
#3 /opt/lampp/htdocs/CodeIgniter4-4.1.9/app/Models/LaporanModel.php(56): CodeIgniter\Database\BaseConnection->query()
#4 /opt/lampp/htdocs/CodeIgniter4-4.1.9/app/Controllers/DataPelaporan.php(38): App\Models\LaporanModel->getArrLaporanProses()
#5 /opt/lampp/htdocs/CodeIgniter4-4.1.9/system/CodeIgniter.php(832): App\Controllers\DataPelaporan->index()
#6 /opt/lampp/htdocs/CodeIgniter4-4.1.9/system/CodeIgniter.php(419): CodeIgniter\CodeIgniter->runController()
#7 /opt/lampp/htdocs/CodeIgniter4-4.1.9/system/CodeIgniter.php(326): CodeIgniter\CodeIgniter->handleRequest()
#8 /opt/lampp/htdocs/CodeIgniter4-4.1.9/public/index.php(37): CodeIgniter\CodeIgniter->run()
#9 /opt/lampp/htdocs/CodeIgniter4-4.1.9/system/Commands/Server/rewrite.php(43): require_once('...')
#10 {main}
ERROR - 2023-09-24 02:21:44 --> You have an error in your SQL syntax; check the manual that corresponds to your MariaDB server version for the right syntax to use near 'AND laporan.status = 'selesai'' at line 8
CRITICAL - 2023-09-24 02:21:44 --> You have an error in your SQL syntax; check the manual that corresponds to your MariaDB server version for the right syntax to use near 'AND laporan.status = 'selesai'' at line 8
#0 /opt/lampp/htdocs/CodeIgniter4-4.1.9/system/Database/MySQLi/Connection.php(292): mysqli->query()
#1 /opt/lampp/htdocs/CodeIgniter4-4.1.9/system/Database/BaseConnection.php(670): CodeIgniter\Database\MySQLi\Connection->execute()
#2 /opt/lampp/htdocs/CodeIgniter4-4.1.9/system/Database/BaseConnection.php(598): CodeIgniter\Database\BaseConnection->simpleQuery()
#3 /opt/lampp/htdocs/CodeIgniter4-4.1.9/app/Models/LaporanModel.php(84): CodeIgniter\Database\BaseConnection->query()
#4 /opt/lampp/htdocs/CodeIgniter4-4.1.9/app/Controllers/DataPelaporan.php(66): App\Models\LaporanModel->getArrLaporanSelesai()
#5 /opt/lampp/htdocs/CodeIgniter4-4.1.9/system/CodeIgniter.php(832): App\Controllers\DataPelaporan->selesai()
#6 /opt/lampp/htdocs/CodeIgniter4-4.1.9/system/CodeIgniter.php(419): CodeIgniter\CodeIgniter->runController()
#7 /opt/lampp/htdocs/CodeIgniter4-4.1.9/system/CodeIgniter.php(326): CodeIgniter\CodeIgniter->handleRequest()
#8 /opt/lampp/htdocs/CodeIgniter4-4.1.9/public/index.php(37): CodeIgniter\CodeIgniter->run()
#9 /opt/lampp/htdocs/CodeIgniter4-4.1.9/system/Commands/Server/rewrite.php(43): require_once('...')
#10 {main}
ERROR - 2023-09-24 02:21:57 --> You have an error in your SQL syntax; check the manual that corresponds to your MariaDB server version for the right syntax to use near 'AND laporan.status = 'proses'' at line 8
CRITICAL - 2023-09-24 02:21:57 --> You have an error in your SQL syntax; check the manual that corresponds to your MariaDB server version for the right syntax to use near 'AND laporan.status = 'proses'' at line 8
#0 /opt/lampp/htdocs/CodeIgniter4-4.1.9/system/Database/MySQLi/Connection.php(292): mysqli->query()
#1 /opt/lampp/htdocs/CodeIgniter4-4.1.9/system/Database/BaseConnection.php(670): CodeIgniter\Database\MySQLi\Connection->execute()
#2 /opt/lampp/htdocs/CodeIgniter4-4.1.9/system/Database/BaseConnection.php(598): CodeIgniter\Database\BaseConnection->simpleQuery()
#3 /opt/lampp/htdocs/CodeIgniter4-4.1.9/app/Models/LaporanModel.php(56): CodeIgniter\Database\BaseConnection->query()
#4 /opt/lampp/htdocs/CodeIgniter4-4.1.9/app/Controllers/Pelaporan.php(38): App\Models\LaporanModel->getArrLaporanProses()
#5 /opt/lampp/htdocs/CodeIgniter4-4.1.9/system/CodeIgniter.php(832): App\Controllers\Pelaporan->index()
#6 /opt/lampp/htdocs/CodeIgniter4-4.1.9/system/CodeIgniter.php(419): CodeIgniter\CodeIgniter->runController()
#7 /opt/lampp/htdocs/CodeIgniter4-4.1.9/system/CodeIgniter.php(326): CodeIgniter\CodeIgniter->handleRequest()
#8 /opt/lampp/htdocs/CodeIgniter4-4.1.9/public/index.php(37): CodeIgniter\CodeIgniter->run()
#9 /opt/lampp/htdocs/CodeIgniter4-4.1.9/system/Commands/Server/rewrite.php(43): require_once('...')
#10 {main}
ERROR - 2023-09-24 02:24:10 --> You have an error in your SQL syntax; check the manual that corresponds to your MariaDB server version for the right syntax to use near '' at line 8
CRITICAL - 2023-09-24 02:24:10 --> You have an error in your SQL syntax; check the manual that corresponds to your MariaDB server version for the right syntax to use near '' at line 8
#0 /opt/lampp/htdocs/CodeIgniter4-4.1.9/system/Database/MySQLi/Connection.php(292): mysqli->query()
#1 /opt/lampp/htdocs/CodeIgniter4-4.1.9/system/Database/BaseConnection.php(670): CodeIgniter\Database\MySQLi\Connection->execute()
#2 /opt/lampp/htdocs/CodeIgniter4-4.1.9/system/Database/BaseConnection.php(598): CodeIgniter\Database\BaseConnection->simpleQuery()
#3 /opt/lampp/htdocs/CodeIgniter4-4.1.9/app/Models/LaporanModel.php(56): CodeIgniter\Database\BaseConnection->query()
#4 /opt/lampp/htdocs/CodeIgniter4-4.1.9/app/Controllers/Pelaporan.php(38): App\Models\LaporanModel->getArrLaporanProses()
#5 /opt/lampp/htdocs/CodeIgniter4-4.1.9/system/CodeIgniter.php(832): App\Controllers\Pelaporan->index()
#6 /opt/lampp/htdocs/CodeIgniter4-4.1.9/system/CodeIgniter.php(419): CodeIgniter\CodeIgniter->runController()
#7 /opt/lampp/htdocs/CodeIgniter4-4.1.9/system/CodeIgniter.php(326): CodeIgniter\CodeIgniter->handleRequest()
#8 /opt/lampp/htdocs/CodeIgniter4-4.1.9/public/index.php(37): CodeIgniter\CodeIgniter->run()
#9 /opt/lampp/htdocs/CodeIgniter4-4.1.9/system/Commands/Server/rewrite.php(43): require_once('...')
#10 {main}
CRITICAL - 2023-09-24 03:09:09 --> Undefined variable $laporans
#0 /opt/lampp/htdocs/CodeIgniter4-4.1.9/app/Views/statistik/index.php(62): CodeIgniter\Debug\Exceptions->errorHandler()
#1 /opt/lampp/htdocs/CodeIgniter4-4.1.9/system/View/View.php(210): include('...')
#2 /opt/lampp/htdocs/CodeIgniter4-4.1.9/system/View/View.php(213): CodeIgniter\View\View->CodeIgniter\View\{closure}()
#3 /opt/lampp/htdocs/CodeIgniter4-4.1.9/system/Common.php(1089): CodeIgniter\View\View->render()
#4 /opt/lampp/htdocs/CodeIgniter4-4.1.9/app/Controllers/Statistik.php(37): view()
#5 /opt/lampp/htdocs/CodeIgniter4-4.1.9/system/CodeIgniter.php(832): App\Controllers\Statistik->index()
#6 /opt/lampp/htdocs/CodeIgniter4-4.1.9/system/CodeIgniter.php(419): CodeIgniter\CodeIgniter->runController()
#7 /opt/lampp/htdocs/CodeIgniter4-4.1.9/system/CodeIgniter.php(326): CodeIgniter\CodeIgniter->handleRequest()
#8 /opt/lampp/htdocs/CodeIgniter4-4.1.9/public/index.php(37): CodeIgniter\CodeIgniter->run()
#9 /opt/lampp/htdocs/CodeIgniter4-4.1.9/system/Commands/Server/rewrite.php(43): require_once('...')
#10 {main}
CRITICAL - 2023-09-24 03:10:03 --> Undefined array key "total__kabupaten"
#0 /opt/lampp/htdocs/CodeIgniter4-4.1.9/app/Views/statistik/index.php(68): CodeIgniter\Debug\Exceptions->errorHandler()
#1 /opt/lampp/htdocs/CodeIgniter4-4.1.9/system/View/View.php(210): include('...')
#2 /opt/lampp/htdocs/CodeIgniter4-4.1.9/system/View/View.php(213): CodeIgniter\View\View->CodeIgniter\View\{closure}()
#3 /opt/lampp/htdocs/CodeIgniter4-4.1.9/system/Common.php(1089): CodeIgniter\View\View->render()
#4 /opt/lampp/htdocs/CodeIgniter4-4.1.9/app/Controllers/Statistik.php(37): view()
#5 /opt/lampp/htdocs/CodeIgniter4-4.1.9/system/CodeIgniter.php(832): App\Controllers\Statistik->index()
#6 /opt/lampp/htdocs/CodeIgniter4-4.1.9/system/CodeIgniter.php(419): CodeIgniter\CodeIgniter->runController()
#7 /opt/lampp/htdocs/CodeIgniter4-4.1.9/system/CodeIgniter.php(326): CodeIgniter\CodeIgniter->handleRequest()
#8 /opt/lampp/htdocs/CodeIgniter4-4.1.9/public/index.php(37): CodeIgniter\CodeIgniter->run()
#9 /opt/lampp/htdocs/CodeIgniter4-4.1.9/system/Commands/Server/rewrite.php(43): require_once('...')
#10 {main}
ERROR - 2023-09-24 03:12:38 --> You have an error in your SQL syntax; check the manual that corresponds to your MariaDB server version for the right syntax to use near 'AND laporan.status = 'selesai'' at line 17
CRITICAL - 2023-09-24 03:12:38 --> You have an error in your SQL syntax; check the manual that corresponds to your MariaDB server version for the right syntax to use near 'AND laporan.status = 'selesai'' at line 17
#0 /opt/lampp/htdocs/CodeIgniter4-4.1.9/system/Database/MySQLi/Connection.php(292): mysqli->query()
#1 /opt/lampp/htdocs/CodeIgniter4-4.1.9/system/Database/BaseConnection.php(670): CodeIgniter\Database\MySQLi\Connection->execute()
#2 /opt/lampp/htdocs/CodeIgniter4-4.1.9/system/Database/BaseConnection.php(598): CodeIgniter\Database\BaseConnection->simpleQuery()
#3 /opt/lampp/htdocs/CodeIgniter4-4.1.9/app/Models/LaporanModel.php(291): CodeIgniter\Database\BaseConnection->query()
#4 /opt/lampp/htdocs/CodeIgniter4-4.1.9/app/Controllers/Statistik.php(48): App\Models\LaporanModel->getKabupaten()
#5 /opt/lampp/htdocs/CodeIgniter4-4.1.9/system/CodeIgniter.php(832): App\Controllers\Statistik->filter_kabupaten()
#6 /opt/lampp/htdocs/CodeIgniter4-4.1.9/system/CodeIgniter.php(419): CodeIgniter\CodeIgniter->runController()
#7 /opt/lampp/htdocs/CodeIgniter4-4.1.9/system/CodeIgniter.php(326): CodeIgniter\CodeIgniter->handleRequest()
#8 /opt/lampp/htdocs/CodeIgniter4-4.1.9/public/index.php(37): CodeIgniter\CodeIgniter->run()
#9 /opt/lampp/htdocs/CodeIgniter4-4.1.9/system/Commands/Server/rewrite.php(43): require_once('...')
#10 {main}
CRITICAL - 2023-09-24 03:22:48 --> CodeIgniter\Database\BaseBuilder::get(): Argument #1 ($limit) must be of type ?int, string given, called in /opt/lampp/htdocs/CodeIgniter4-4.1.9/system/Model.php on line 728
#0 /opt/lampp/htdocs/CodeIgniter4-4.1.9/system/Model.php(728): CodeIgniter\Database\BaseBuilder->get()
#1 /opt/lampp/htdocs/CodeIgniter4-4.1.9/app/Controllers/Statistik.php(43): CodeIgniter\Model->__call()
#2 /opt/lampp/htdocs/CodeIgniter4-4.1.9/system/CodeIgniter.php(832): App\Controllers\Statistik->filter_kabupaten()
#3 /opt/lampp/htdocs/CodeIgniter4-4.1.9/system/CodeIgniter.php(419): CodeIgniter\CodeIgniter->runController()
#4 /opt/lampp/htdocs/CodeIgniter4-4.1.9/system/CodeIgniter.php(326): CodeIgniter\CodeIgniter->handleRequest()
#5 /opt/lampp/htdocs/CodeIgniter4-4.1.9/public/index.php(37): CodeIgniter\CodeIgniter->run()
#6 /opt/lampp/htdocs/CodeIgniter4-4.1.9/system/Commands/Server/rewrite.php(43): require_once('...')
#7 {main}
CRITICAL - 2023-09-24 03:23:23 --> CodeIgniter\Database\BaseBuilder::get(): Argument #1 ($limit) must be of type ?int, string given, called in /opt/lampp/htdocs/CodeIgniter4-4.1.9/system/Model.php on line 728
#0 /opt/lampp/htdocs/CodeIgniter4-4.1.9/system/Model.php(728): CodeIgniter\Database\BaseBuilder->get()
#1 /opt/lampp/htdocs/CodeIgniter4-4.1.9/app/Controllers/Statistik.php(43): CodeIgniter\Model->__call()
#2 /opt/lampp/htdocs/CodeIgniter4-4.1.9/system/CodeIgniter.php(832): App\Controllers\Statistik->filter_kabupaten()
#3 /opt/lampp/htdocs/CodeIgniter4-4.1.9/system/CodeIgniter.php(419): CodeIgniter\CodeIgniter->runController()
#4 /opt/lampp/htdocs/CodeIgniter4-4.1.9/system/CodeIgniter.php(326): CodeIgniter\CodeIgniter->handleRequest()
#5 /opt/lampp/htdocs/CodeIgniter4-4.1.9/public/index.php(37): CodeIgniter\CodeIgniter->run()
#6 /opt/lampp/htdocs/CodeIgniter4-4.1.9/system/Commands/Server/rewrite.php(43): require_once('...')
#7 {main}
CRITICAL - 2023-09-24 03:23:31 --> CodeIgniter\Database\BaseBuilder::get(): Argument #1 ($limit) must be of type ?int, string given, called in /opt/lampp/htdocs/CodeIgniter4-4.1.9/system/Model.php on line 728
#0 /opt/lampp/htdocs/CodeIgniter4-4.1.9/system/Model.php(728): CodeIgniter\Database\BaseBuilder->get()
#1 /opt/lampp/htdocs/CodeIgniter4-4.1.9/app/Controllers/Statistik.php(43): CodeIgniter\Model->__call()
#2 /opt/lampp/htdocs/CodeIgniter4-4.1.9/system/CodeIgniter.php(832): App\Controllers\Statistik->filter_kabupaten()
#3 /opt/lampp/htdocs/CodeIgniter4-4.1.9/system/CodeIgniter.php(419): CodeIgniter\CodeIgniter->runController()
#4 /opt/lampp/htdocs/CodeIgniter4-4.1.9/system/CodeIgniter.php(326): CodeIgniter\CodeIgniter->handleRequest()
#5 /opt/lampp/htdocs/CodeIgniter4-4.1.9/public/index.php(37): CodeIgniter\CodeIgniter->run()
#6 /opt/lampp/htdocs/CodeIgniter4-4.1.9/system/Commands/Server/rewrite.php(43): require_once('...')
#7 {main}
CRITICAL - 2023-09-24 11:42:06 --> Cannot use object of type stdClass as array
#0 /opt/lampp/htdocs/CodeIgniter4-4.1.9/system/View/View.php(210): include()
#1 /opt/lampp/htdocs/CodeIgniter4-4.1.9/system/View/View.php(213): CodeIgniter\View\View->CodeIgniter\View\{closure}()
#2 /opt/lampp/htdocs/CodeIgniter4-4.1.9/system/Common.php(1089): CodeIgniter\View\View->render()
#3 /opt/lampp/htdocs/CodeIgniter4-4.1.9/app/Controllers/Statistik.php(37): view()
#4 /opt/lampp/htdocs/CodeIgniter4-4.1.9/system/CodeIgniter.php(832): App\Controllers\Statistik->index()
#5 /opt/lampp/htdocs/CodeIgniter4-4.1.9/system/CodeIgniter.php(419): CodeIgniter\CodeIgniter->runController()
#6 /opt/lampp/htdocs/CodeIgniter4-4.1.9/system/CodeIgniter.php(326): CodeIgniter\CodeIgniter->handleRequest()
#7 /opt/lampp/htdocs/CodeIgniter4-4.1.9/public/index.php(37): CodeIgniter\CodeIgniter->run()
#8 /opt/lampp/htdocs/CodeIgniter4-4.1.9/system/Commands/Server/rewrite.php(43): require_once('...')
#9 {main}
CRITICAL - 2023-09-24 11:42:36 --> Attempt to read property "total_rumah" on array
#0 /opt/lampp/htdocs/CodeIgniter4-4.1.9/app/Views/statistik/index.php(202): CodeIgniter\Debug\Exceptions->errorHandler()
#1 /opt/lampp/htdocs/CodeIgniter4-4.1.9/system/View/View.php(210): include('...')
#2 /opt/lampp/htdocs/CodeIgniter4-4.1.9/system/View/View.php(213): CodeIgniter\View\View->CodeIgniter\View\{closure}()
#3 /opt/lampp/htdocs/CodeIgniter4-4.1.9/system/Common.php(1089): CodeIgniter\View\View->render()
#4 /opt/lampp/htdocs/CodeIgniter4-4.1.9/app/Controllers/Statistik.php(37): view()
#5 /opt/lampp/htdocs/CodeIgniter4-4.1.9/system/CodeIgniter.php(832): App\Controllers\Statistik->index()
#6 /opt/lampp/htdocs/CodeIgniter4-4.1.9/system/CodeIgniter.php(419): CodeIgniter\CodeIgniter->runController()
#7 /opt/lampp/htdocs/CodeIgniter4-4.1.9/system/CodeIgniter.php(326): CodeIgniter\CodeIgniter->handleRequest()
#8 /opt/lampp/htdocs/CodeIgniter4-4.1.9/public/index.php(37): CodeIgniter\CodeIgniter->run()
#9 /opt/lampp/htdocs/CodeIgniter4-4.1.9/system/Commands/Server/rewrite.php(43): require_once('...')
#10 {main}
CRITICAL - 2023-09-24 11:45:18 --> Attempt to read property "total_rumah" on array
#0 /opt/lampp/htdocs/CodeIgniter4-4.1.9/app/Views/statistik/index.php(202): CodeIgniter\Debug\Exceptions->errorHandler()
#1 /opt/lampp/htdocs/CodeIgniter4-4.1.9/system/View/View.php(210): include('...')
#2 /opt/lampp/htdocs/CodeIgniter4-4.1.9/system/View/View.php(213): CodeIgniter\View\View->CodeIgniter\View\{closure}()
#3 /opt/lampp/htdocs/CodeIgniter4-4.1.9/system/Common.php(1089): CodeIgniter\View\View->render()
#4 /opt/lampp/htdocs/CodeIgniter4-4.1.9/app/Controllers/Statistik.php(39): view()
#5 /opt/lampp/htdocs/CodeIgniter4-4.1.9/system/CodeIgniter.php(832): App\Controllers\Statistik->index()
#6 /opt/lampp/htdocs/CodeIgniter4-4.1.9/system/CodeIgniter.php(419): CodeIgniter\CodeIgniter->runController()
#7 /opt/lampp/htdocs/CodeIgniter4-4.1.9/system/CodeIgniter.php(326): CodeIgniter\CodeIgniter->handleRequest()
#8 /opt/lampp/htdocs/CodeIgniter4-4.1.9/public/index.php(37): CodeIgniter\CodeIgniter->run()
#9 /opt/lampp/htdocs/CodeIgniter4-4.1.9/system/Commands/Server/rewrite.php(43): require_once('...')
#10 {main}
CRITICAL - 2023-09-24 11:47:14 --> Attempt to read property "total_rumah" on array
#0 /opt/lampp/htdocs/CodeIgniter4-4.1.9/app/Views/statistik/index.php(202): CodeIgniter\Debug\Exceptions->errorHandler()
#1 /opt/lampp/htdocs/CodeIgniter4-4.1.9/system/View/View.php(210): include('...')
#2 /opt/lampp/htdocs/CodeIgniter4-4.1.9/system/View/View.php(213): CodeIgniter\View\View->CodeIgniter\View\{closure}()
#3 /opt/lampp/htdocs/CodeIgniter4-4.1.9/system/Common.php(1089): CodeIgniter\View\View->render()
#4 /opt/lampp/htdocs/CodeIgniter4-4.1.9/app/Controllers/Statistik.php(39): view()
#5 /opt/lampp/htdocs/CodeIgniter4-4.1.9/system/CodeIgniter.php(832): App\Controllers\Statistik->index()
#6 /opt/lampp/htdocs/CodeIgniter4-4.1.9/system/CodeIgniter.php(419): CodeIgniter\CodeIgniter->runController()
#7 /opt/lampp/htdocs/CodeIgniter4-4.1.9/system/CodeIgniter.php(326): CodeIgniter\CodeIgniter->handleRequest()
#8 /opt/lampp/htdocs/CodeIgniter4-4.1.9/public/index.php(37): CodeIgniter\CodeIgniter->run()
#9 /opt/lampp/htdocs/CodeIgniter4-4.1.9/system/Commands/Server/rewrite.php(43): require_once('...')
#10 {main}
CRITICAL - 2023-09-24 11:47:33 --> Attempt to read property "total_rumah" on array
#0 /opt/lampp/htdocs/CodeIgniter4-4.1.9/app/Views/statistik/index.php(202): CodeIgniter\Debug\Exceptions->errorHandler()
#1 /opt/lampp/htdocs/CodeIgniter4-4.1.9/system/View/View.php(210): include('...')
#2 /opt/lampp/htdocs/CodeIgniter4-4.1.9/system/View/View.php(213): CodeIgniter\View\View->CodeIgniter\View\{closure}()
#3 /opt/lampp/htdocs/CodeIgniter4-4.1.9/system/Common.php(1089): CodeIgniter\View\View->render()
#4 /opt/lampp/htdocs/CodeIgniter4-4.1.9/app/Controllers/Statistik.php(39): view()
#5 /opt/lampp/htdocs/CodeIgniter4-4.1.9/system/CodeIgniter.php(832): App\Controllers\Statistik->index()
#6 /opt/lampp/htdocs/CodeIgniter4-4.1.9/system/CodeIgniter.php(419): CodeIgniter\CodeIgniter->runController()
#7 /opt/lampp/htdocs/CodeIgniter4-4.1.9/system/CodeIgniter.php(326): CodeIgniter\CodeIgniter->handleRequest()
#8 /opt/lampp/htdocs/CodeIgniter4-4.1.9/public/index.php(37): CodeIgniter\CodeIgniter->run()
#9 /opt/lampp/htdocs/CodeIgniter4-4.1.9/system/Commands/Server/rewrite.php(43): require_once('...')
#10 {main}
CRITICAL - 2023-09-24 11:47:34 --> Attempt to read property "total_rumah" on array
#0 /opt/lampp/htdocs/CodeIgniter4-4.1.9/app/Views/statistik/index.php(202): CodeIgniter\Debug\Exceptions->errorHandler()
#1 /opt/lampp/htdocs/CodeIgniter4-4.1.9/system/View/View.php(210): include('...')
#2 /opt/lampp/htdocs/CodeIgniter4-4.1.9/system/View/View.php(213): CodeIgniter\View\View->CodeIgniter\View\{closure}()
#3 /opt/lampp/htdocs/CodeIgniter4-4.1.9/system/Common.php(1089): CodeIgniter\View\View->render()
#4 /opt/lampp/htdocs/CodeIgniter4-4.1.9/app/Controllers/Statistik.php(39): view()
#5 /opt/lampp/htdocs/CodeIgniter4-4.1.9/system/CodeIgniter.php(832): App\Controllers\Statistik->index()
#6 /opt/lampp/htdocs/CodeIgniter4-4.1.9/system/CodeIgniter.php(419): CodeIgniter\CodeIgniter->runController()
#7 /opt/lampp/htdocs/CodeIgniter4-4.1.9/system/CodeIgniter.php(326): CodeIgniter\CodeIgniter->handleRequest()
#8 /opt/lampp/htdocs/CodeIgniter4-4.1.9/public/index.php(37): CodeIgniter\CodeIgniter->run()
#9 /opt/lampp/htdocs/CodeIgniter4-4.1.9/system/Commands/Server/rewrite.php(43): require_once('...')
#10 {main}
CRITICAL - 2023-09-24 11:47:35 --> Attempt to read property "total_rumah" on array
#0 /opt/lampp/htdocs/CodeIgniter4-4.1.9/app/Views/statistik/index.php(202): CodeIgniter\Debug\Exceptions->errorHandler()
#1 /opt/lampp/htdocs/CodeIgniter4-4.1.9/system/View/View.php(210): include('...')
#2 /opt/lampp/htdocs/CodeIgniter4-4.1.9/system/View/View.php(213): CodeIgniter\View\View->CodeIgniter\View\{closure}()
#3 /opt/lampp/htdocs/CodeIgniter4-4.1.9/system/Common.php(1089): CodeIgniter\View\View->render()
#4 /opt/lampp/htdocs/CodeIgniter4-4.1.9/app/Controllers/Statistik.php(39): view()
#5 /opt/lampp/htdocs/CodeIgniter4-4.1.9/system/CodeIgniter.php(832): App\Controllers\Statistik->index()
#6 /opt/lampp/htdocs/CodeIgniter4-4.1.9/system/CodeIgniter.php(419): CodeIgniter\CodeIgniter->runController()
#7 /opt/lampp/htdocs/CodeIgniter4-4.1.9/system/CodeIgniter.php(326): CodeIgniter\CodeIgniter->handleRequest()
#8 /opt/lampp/htdocs/CodeIgniter4-4.1.9/public/index.php(37): CodeIgniter\CodeIgniter->run()
#9 /opt/lampp/htdocs/CodeIgniter4-4.1.9/system/Commands/Server/rewrite.php(43): require_once('...')
#10 {main}
CRITICAL - 2023-09-24 11:47:35 --> Attempt to read property "total_rumah" on array
#0 /opt/lampp/htdocs/CodeIgniter4-4.1.9/app/Views/statistik/index.php(202): CodeIgniter\Debug\Exceptions->errorHandler()
#1 /opt/lampp/htdocs/CodeIgniter4-4.1.9/system/View/View.php(210): include('...')
#2 /opt/lampp/htdocs/CodeIgniter4-4.1.9/system/View/View.php(213): CodeIgniter\View\View->CodeIgniter\View\{closure}()
#3 /opt/lampp/htdocs/CodeIgniter4-4.1.9/system/Common.php(1089): CodeIgniter\View\View->render()
#4 /opt/lampp/htdocs/CodeIgniter4-4.1.9/app/Controllers/Statistik.php(39): view()
#5 /opt/lampp/htdocs/CodeIgniter4-4.1.9/system/CodeIgniter.php(832): App\Controllers\Statistik->index()
#6 /opt/lampp/htdocs/CodeIgniter4-4.1.9/system/CodeIgniter.php(419): CodeIgniter\CodeIgniter->runController()
#7 /opt/lampp/htdocs/CodeIgniter4-4.1.9/system/CodeIgniter.php(326): CodeIgniter\CodeIgniter->handleRequest()
#8 /opt/lampp/htdocs/CodeIgniter4-4.1.9/public/index.php(37): CodeIgniter\CodeIgniter->run()
#9 /opt/lampp/htdocs/CodeIgniter4-4.1.9/system/Commands/Server/rewrite.php(43): require_once('...')
#10 {main}
CRITICAL - 2023-09-24 11:47:50 --> Attempt to read property "total_rumah" on array
#0 /opt/lampp/htdocs/CodeIgniter4-4.1.9/app/Views/statistik/index.php(202): CodeIgniter\Debug\Exceptions->errorHandler()
#1 /opt/lampp/htdocs/CodeIgniter4-4.1.9/system/View/View.php(210): include('...')
#2 /opt/lampp/htdocs/CodeIgniter4-4.1.9/system/View/View.php(213): CodeIgniter\View\View->CodeIgniter\View\{closure}()
#3 /opt/lampp/htdocs/CodeIgniter4-4.1.9/system/Common.php(1089): CodeIgniter\View\View->render()
#4 /opt/lampp/htdocs/CodeIgniter4-4.1.9/app/Controllers/Statistik.php(39): view()
#5 /opt/lampp/htdocs/CodeIgniter4-4.1.9/system/CodeIgniter.php(832): App\Controllers\Statistik->index()
#6 /opt/lampp/htdocs/CodeIgniter4-4.1.9/system/CodeIgniter.php(419): CodeIgniter\CodeIgniter->runController()
#7 /opt/lampp/htdocs/CodeIgniter4-4.1.9/system/CodeIgniter.php(326): CodeIgniter\CodeIgniter->handleRequest()
#8 /opt/lampp/htdocs/CodeIgniter4-4.1.9/public/index.php(37): CodeIgniter\CodeIgniter->run()
#9 /opt/lampp/htdocs/CodeIgniter4-4.1.9/system/Commands/Server/rewrite.php(43): require_once('...')
#10 {main}
CRITICAL - 2023-09-24 11:47:55 --> Attempt to read property "total_rumah" on array
#0 /opt/lampp/htdocs/CodeIgniter4-4.1.9/app/Views/statistik/index.php(202): CodeIgniter\Debug\Exceptions->errorHandler()
#1 /opt/lampp/htdocs/CodeIgniter4-4.1.9/system/View/View.php(210): include('...')
#2 /opt/lampp/htdocs/CodeIgniter4-4.1.9/system/View/View.php(213): CodeIgniter\View\View->CodeIgniter\View\{closure}()
#3 /opt/lampp/htdocs/CodeIgniter4-4.1.9/system/Common.php(1089): CodeIgniter\View\View->render()
#4 /opt/lampp/htdocs/CodeIgniter4-4.1.9/app/Controllers/Statistik.php(39): view()
#5 /opt/lampp/htdocs/CodeIgniter4-4.1.9/system/CodeIgniter.php(832): App\Controllers\Statistik->index()
#6 /opt/lampp/htdocs/CodeIgniter4-4.1.9/system/CodeIgniter.php(419): CodeIgniter\CodeIgniter->runController()
#7 /opt/lampp/htdocs/CodeIgniter4-4.1.9/system/CodeIgniter.php(326): CodeIgniter\CodeIgniter->handleRequest()
#8 /opt/lampp/htdocs/CodeIgniter4-4.1.9/public/index.php(37): CodeIgniter\CodeIgniter->run()
#9 /opt/lampp/htdocs/CodeIgniter4-4.1.9/system/Commands/Server/rewrite.php(43): require_once('...')
#10 {main}
CRITICAL - 2023-09-24 11:52:07 --> Attempt to read property "total_rumah" on array
#0 /opt/lampp/htdocs/CodeIgniter4-4.1.9/app/Views/statistik/index.php(202): CodeIgniter\Debug\Exceptions->errorHandler()
#1 /opt/lampp/htdocs/CodeIgniter4-4.1.9/system/View/View.php(210): include('...')
#2 /opt/lampp/htdocs/CodeIgniter4-4.1.9/system/View/View.php(213): CodeIgniter\View\View->CodeIgniter\View\{closure}()
#3 /opt/lampp/htdocs/CodeIgniter4-4.1.9/system/Common.php(1089): CodeIgniter\View\View->render()
#4 /opt/lampp/htdocs/CodeIgniter4-4.1.9/app/Controllers/Statistik.php(39): view()
#5 /opt/lampp/htdocs/CodeIgniter4-4.1.9/system/CodeIgniter.php(832): App\Controllers\Statistik->index()
#6 /opt/lampp/htdocs/CodeIgniter4-4.1.9/system/CodeIgniter.php(419): CodeIgniter\CodeIgniter->runController()
#7 /opt/lampp/htdocs/CodeIgniter4-4.1.9/system/CodeIgniter.php(326): CodeIgniter\CodeIgniter->handleRequest()
#8 /opt/lampp/htdocs/CodeIgniter4-4.1.9/public/index.php(37): CodeIgniter\CodeIgniter->run()
#9 /opt/lampp/htdocs/CodeIgniter4-4.1.9/system/Commands/Server/rewrite.php(43): require_once('...')
#10 {main}
CRITICAL - 2023-09-24 11:52:08 --> Attempt to read property "total_rumah" on array
#0 /opt/lampp/htdocs/CodeIgniter4-4.1.9/app/Views/statistik/index.php(202): CodeIgniter\Debug\Exceptions->errorHandler()
#1 /opt/lampp/htdocs/CodeIgniter4-4.1.9/system/View/View.php(210): include('...')
#2 /opt/lampp/htdocs/CodeIgniter4-4.1.9/system/View/View.php(213): CodeIgniter\View\View->CodeIgniter\View\{closure}()
#3 /opt/lampp/htdocs/CodeIgniter4-4.1.9/system/Common.php(1089): CodeIgniter\View\View->render()
#4 /opt/lampp/htdocs/CodeIgniter4-4.1.9/app/Controllers/Statistik.php(39): view()
#5 /opt/lampp/htdocs/CodeIgniter4-4.1.9/system/CodeIgniter.php(832): App\Controllers\Statistik->index()
#6 /opt/lampp/htdocs/CodeIgniter4-4.1.9/system/CodeIgniter.php(419): CodeIgniter\CodeIgniter->runController()
#7 /opt/lampp/htdocs/CodeIgniter4-4.1.9/system/CodeIgniter.php(326): CodeIgniter\CodeIgniter->handleRequest()
#8 /opt/lampp/htdocs/CodeIgniter4-4.1.9/public/index.php(37): CodeIgniter\CodeIgniter->run()
#9 /opt/lampp/htdocs/CodeIgniter4-4.1.9/system/Commands/Server/rewrite.php(43): require_once('...')
#10 {main}
CRITICAL - 2023-09-24 11:53:22 --> Cannot use object of type stdClass as array
#0 /opt/lampp/htdocs/CodeIgniter4-4.1.9/system/View/View.php(210): include()
#1 /opt/lampp/htdocs/CodeIgniter4-4.1.9/system/View/View.php(213): CodeIgniter\View\View->CodeIgniter\View\{closure}()
#2 /opt/lampp/htdocs/CodeIgniter4-4.1.9/system/Common.php(1089): CodeIgniter\View\View->render()
#3 /opt/lampp/htdocs/CodeIgniter4-4.1.9/app/Controllers/Statistik.php(39): view()
#4 /opt/lampp/htdocs/CodeIgniter4-4.1.9/system/CodeIgniter.php(832): App\Controllers\Statistik->index()
#5 /opt/lampp/htdocs/CodeIgniter4-4.1.9/system/CodeIgniter.php(419): CodeIgniter\CodeIgniter->runController()
#6 /opt/lampp/htdocs/CodeIgniter4-4.1.9/system/CodeIgniter.php(326): CodeIgniter\CodeIgniter->handleRequest()
#7 /opt/lampp/htdocs/CodeIgniter4-4.1.9/public/index.php(37): CodeIgniter\CodeIgniter->run()
#8 /opt/lampp/htdocs/CodeIgniter4-4.1.9/system/Commands/Server/rewrite.php(43): require_once('...')
#9 {main}
CRITICAL - 2023-09-24 11:54:21 --> Attempt to read property "total_warga" on array
#0 /opt/lampp/htdocs/CodeIgniter4-4.1.9/app/Views/statistik/index.php(232): CodeIgniter\Debug\Exceptions->errorHandler()
#1 /opt/lampp/htdocs/CodeIgniter4-4.1.9/system/View/View.php(210): include('...')
#2 /opt/lampp/htdocs/CodeIgniter4-4.1.9/system/View/View.php(213): CodeIgniter\View\View->CodeIgniter\View\{closure}()
#3 /opt/lampp/htdocs/CodeIgniter4-4.1.9/system/Common.php(1089): CodeIgniter\View\View->render()
#4 /opt/lampp/htdocs/CodeIgniter4-4.1.9/app/Controllers/Statistik.php(40): view()
#5 /opt/lampp/htdocs/CodeIgniter4-4.1.9/system/CodeIgniter.php(832): App\Controllers\Statistik->index()
#6 /opt/lampp/htdocs/CodeIgniter4-4.1.9/system/CodeIgniter.php(419): CodeIgniter\CodeIgniter->runController()
#7 /opt/lampp/htdocs/CodeIgniter4-4.1.9/system/CodeIgniter.php(326): CodeIgniter\CodeIgniter->handleRequest()
#8 /opt/lampp/htdocs/CodeIgniter4-4.1.9/public/index.php(37): CodeIgniter\CodeIgniter->run()
#9 /opt/lampp/htdocs/CodeIgniter4-4.1.9/system/Commands/Server/rewrite.php(43): require_once('...')
#10 {main}
CRITICAL - 2023-09-24 12:04:32 --> Undefined array key "jumlah_rumah"
#0 /opt/lampp/htdocs/CodeIgniter4-4.1.9/app/Controllers/Statistik.php(32): CodeIgniter\Debug\Exceptions->errorHandler()
#1 /opt/lampp/htdocs/CodeIgniter4-4.1.9/system/CodeIgniter.php(832): App\Controllers\Statistik->index()
#2 /opt/lampp/htdocs/CodeIgniter4-4.1.9/system/CodeIgniter.php(419): CodeIgniter\CodeIgniter->runController()
#3 /opt/lampp/htdocs/CodeIgniter4-4.1.9/system/CodeIgniter.php(326): CodeIgniter\CodeIgniter->handleRequest()
#4 /opt/lampp/htdocs/CodeIgniter4-4.1.9/public/index.php(37): CodeIgniter\CodeIgniter->run()
#5 /opt/lampp/htdocs/CodeIgniter4-4.1.9/system/Commands/Server/rewrite.php(43): require_once('...')
#6 {main}
CRITICAL - 2023-09-24 12:04:46 --> Undefined array key "total_rumah"
#0 /opt/lampp/htdocs/CodeIgniter4-4.1.9/app/Controllers/Statistik.php(32): CodeIgniter\Debug\Exceptions->errorHandler()
#1 /opt/lampp/htdocs/CodeIgniter4-4.1.9/system/CodeIgniter.php(832): App\Controllers\Statistik->index()
#2 /opt/lampp/htdocs/CodeIgniter4-4.1.9/system/CodeIgniter.php(419): CodeIgniter\CodeIgniter->runController()
#3 /opt/lampp/htdocs/CodeIgniter4-4.1.9/system/CodeIgniter.php(326): CodeIgniter\CodeIgniter->handleRequest()
#4 /opt/lampp/htdocs/CodeIgniter4-4.1.9/public/index.php(37): CodeIgniter\CodeIgniter->run()
#5 /opt/lampp/htdocs/CodeIgniter4-4.1.9/system/Commands/Server/rewrite.php(43): require_once('...')
#6 {main}
CRITICAL - 2023-09-24 12:05:25 --> Undefined array key "total_rumah"
#0 /opt/lampp/htdocs/CodeIgniter4-4.1.9/app/Controllers/Statistik.php(32): CodeIgniter\Debug\Exceptions->errorHandler()
#1 /opt/lampp/htdocs/CodeIgniter4-4.1.9/system/CodeIgniter.php(832): App\Controllers\Statistik->index()
#2 /opt/lampp/htdocs/CodeIgniter4-4.1.9/system/CodeIgniter.php(419): CodeIgniter\CodeIgniter->runController()
#3 /opt/lampp/htdocs/CodeIgniter4-4.1.9/system/CodeIgniter.php(326): CodeIgniter\CodeIgniter->handleRequest()
#4 /opt/lampp/htdocs/CodeIgniter4-4.1.9/public/index.php(37): CodeIgniter\CodeIgniter->run()
#5 /opt/lampp/htdocs/CodeIgniter4-4.1.9/system/Commands/Server/rewrite.php(43): require_once('...')
#6 {main}
CRITICAL - 2023-09-24 12:05:26 --> Undefined array key "total_rumah"
#0 /opt/lampp/htdocs/CodeIgniter4-4.1.9/app/Controllers/Statistik.php(32): CodeIgniter\Debug\Exceptions->errorHandler()
#1 /opt/lampp/htdocs/CodeIgniter4-4.1.9/system/CodeIgniter.php(832): App\Controllers\Statistik->index()
#2 /opt/lampp/htdocs/CodeIgniter4-4.1.9/system/CodeIgniter.php(419): CodeIgniter\CodeIgniter->runController()
#3 /opt/lampp/htdocs/CodeIgniter4-4.1.9/system/CodeIgniter.php(326): CodeIgniter\CodeIgniter->handleRequest()
#4 /opt/lampp/htdocs/CodeIgniter4-4.1.9/public/index.php(37): CodeIgniter\CodeIgniter->run()
#5 /opt/lampp/htdocs/CodeIgniter4-4.1.9/system/Commands/Server/rewrite.php(43): require_once('...')
#6 {main}
CRITICAL - 2023-09-24 12:05:27 --> Undefined array key "total_rumah"
#0 /opt/lampp/htdocs/CodeIgniter4-4.1.9/app/Controllers/Statistik.php(32): CodeIgniter\Debug\Exceptions->errorHandler()
#1 /opt/lampp/htdocs/CodeIgniter4-4.1.9/system/CodeIgniter.php(832): App\Controllers\Statistik->index()
#2 /opt/lampp/htdocs/CodeIgniter4-4.1.9/system/CodeIgniter.php(419): CodeIgniter\CodeIgniter->runController()
#3 /opt/lampp/htdocs/CodeIgniter4-4.1.9/system/CodeIgniter.php(326): CodeIgniter\CodeIgniter->handleRequest()
#4 /opt/lampp/htdocs/CodeIgniter4-4.1.9/public/index.php(37): CodeIgniter\CodeIgniter->run()
#5 /opt/lampp/htdocs/CodeIgniter4-4.1.9/system/Commands/Server/rewrite.php(43): require_once('...')
#6 {main}
CRITICAL - 2023-09-24 12:05:38 --> Undefined array key "total_rumah"
#0 /opt/lampp/htdocs/CodeIgniter4-4.1.9/app/Controllers/Statistik.php(32): CodeIgniter\Debug\Exceptions->errorHandler()
#1 /opt/lampp/htdocs/CodeIgniter4-4.1.9/system/CodeIgniter.php(832): App\Controllers\Statistik->index()
#2 /opt/lampp/htdocs/CodeIgniter4-4.1.9/system/CodeIgniter.php(419): CodeIgniter\CodeIgniter->runController()
#3 /opt/lampp/htdocs/CodeIgniter4-4.1.9/system/CodeIgniter.php(326): CodeIgniter\CodeIgniter->handleRequest()
#4 /opt/lampp/htdocs/CodeIgniter4-4.1.9/public/index.php(37): CodeIgniter\CodeIgniter->run()
#5 /opt/lampp/htdocs/CodeIgniter4-4.1.9/system/Commands/Server/rewrite.php(43): require_once('...')
#6 {main}
CRITICAL - 2023-09-24 12:05:40 --> Undefined array key "total_rumah"
#0 /opt/lampp/htdocs/CodeIgniter4-4.1.9/app/Controllers/Statistik.php(32): CodeIgniter\Debug\Exceptions->errorHandler()
#1 /opt/lampp/htdocs/CodeIgniter4-4.1.9/system/CodeIgniter.php(832): App\Controllers\Statistik->index()
#2 /opt/lampp/htdocs/CodeIgniter4-4.1.9/system/CodeIgniter.php(419): CodeIgniter\CodeIgniter->runController()
#3 /opt/lampp/htdocs/CodeIgniter4-4.1.9/system/CodeIgniter.php(326): CodeIgniter\CodeIgniter->handleRequest()
#4 /opt/lampp/htdocs/CodeIgniter4-4.1.9/public/index.php(37): CodeIgniter\CodeIgniter->run()
#5 /opt/lampp/htdocs/CodeIgniter4-4.1.9/system/Commands/Server/rewrite.php(43): require_once('...')
#6 {main}
ERROR - 2023-09-24 12:10:31 --> Unknown column 'kabupaten_id' in 'where clause'
CRITICAL - 2023-09-24 12:10:31 --> Unknown column 'kabupaten_id' in 'where clause'
#0 /opt/lampp/htdocs/CodeIgniter4-4.1.9/system/Database/MySQLi/Connection.php(292): mysqli->query()
#1 /opt/lampp/htdocs/CodeIgniter4-4.1.9/system/Database/BaseConnection.php(670): CodeIgniter\Database\MySQLi\Connection->execute()
#2 /opt/lampp/htdocs/CodeIgniter4-4.1.9/system/Database/BaseConnection.php(598): CodeIgniter\Database\BaseConnection->simpleQuery()
#3 /opt/lampp/htdocs/CodeIgniter4-4.1.9/app/Models/LaporanModel.php(339): CodeIgniter\Database\BaseConnection->query()
#4 /opt/lampp/htdocs/CodeIgniter4-4.1.9/app/Controllers/Statistik.php(31): App\Models\LaporanModel->getSatistikKabupaten3()
#5 /opt/lampp/htdocs/CodeIgniter4-4.1.9/system/CodeIgniter.php(832): App\Controllers\Statistik->index()
#6 /opt/lampp/htdocs/CodeIgniter4-4.1.9/system/CodeIgniter.php(419): CodeIgniter\CodeIgniter->runController()
#7 /opt/lampp/htdocs/CodeIgniter4-4.1.9/system/CodeIgniter.php(326): CodeIgniter\CodeIgniter->handleRequest()
#8 /opt/lampp/htdocs/CodeIgniter4-4.1.9/public/index.php(37): CodeIgniter\CodeIgniter->run()
#9 /opt/lampp/htdocs/CodeIgniter4-4.1.9/system/Commands/Server/rewrite.php(43): require_once('...')
#10 {main}
CRITICAL - 2023-09-24 12:25:02 --> Undefined array key "nama_kabupaten,"
#0 /opt/lampp/htdocs/CodeIgniter4-4.1.9/app/Views/statistik/index.php(227): CodeIgniter\Debug\Exceptions->errorHandler()
#1 /opt/lampp/htdocs/CodeIgniter4-4.1.9/system/View/View.php(210): include('...')
#2 /opt/lampp/htdocs/CodeIgniter4-4.1.9/system/View/View.php(213): CodeIgniter\View\View->CodeIgniter\View\{closure}()
#3 /opt/lampp/htdocs/CodeIgniter4-4.1.9/system/Common.php(1089): CodeIgniter\View\View->render()
#4 /opt/lampp/htdocs/CodeIgniter4-4.1.9/app/Controllers/Statistik.php(41): view()
#5 /opt/lampp/htdocs/CodeIgniter4-4.1.9/system/CodeIgniter.php(832): App\Controllers\Statistik->index()
#6 /opt/lampp/htdocs/CodeIgniter4-4.1.9/system/CodeIgniter.php(419): CodeIgniter\CodeIgniter->runController()
#7 /opt/lampp/htdocs/CodeIgniter4-4.1.9/system/CodeIgniter.php(326): CodeIgniter\CodeIgniter->handleRequest()
#8 /opt/lampp/htdocs/CodeIgniter4-4.1.9/public/index.php(37): CodeIgniter\CodeIgniter->run()
#9 /opt/lampp/htdocs/CodeIgniter4-4.1.9/system/Commands/Server/rewrite.php(43): require_once('...')
#10 {main}
CRITICAL - 2023-09-24 23:48:39 --> Undefined variable $laporan
#0 /opt/lampp/htdocs/CodeIgniter4-4.1.9/app/Views/statistik/filter_kabupaten.php(41): CodeIgniter\Debug\Exceptions->errorHandler()
#1 /opt/lampp/htdocs/CodeIgniter4-4.1.9/system/View/View.php(210): include('...')
#2 /opt/lampp/htdocs/CodeIgniter4-4.1.9/system/View/View.php(213): CodeIgniter\View\View->CodeIgniter\View\{closure}()
#3 /opt/lampp/htdocs/CodeIgniter4-4.1.9/system/Common.php(1089): CodeIgniter\View\View->render()
#4 /opt/lampp/htdocs/CodeIgniter4-4.1.9/app/Controllers/Statistik.php(53): view()
#5 /opt/lampp/htdocs/CodeIgniter4-4.1.9/system/CodeIgniter.php(832): App\Controllers\Statistik->filter_kabupaten()
#6 /opt/lampp/htdocs/CodeIgniter4-4.1.9/system/CodeIgniter.php(419): CodeIgniter\CodeIgniter->runController()
#7 /opt/lampp/htdocs/CodeIgniter4-4.1.9/system/CodeIgniter.php(326): CodeIgniter\CodeIgniter->handleRequest()
#8 /opt/lampp/htdocs/CodeIgniter4-4.1.9/public/index.php(37): CodeIgniter\CodeIgniter->run()
#9 /opt/lampp/htdocs/CodeIgniter4-4.1.9/system/Commands/Server/rewrite.php(43): require_once('...')
#10 {main}
CRITICAL - 2023-09-24 23:48:56 --> Undefined array key "id_kabupaten"
#0 /opt/lampp/htdocs/CodeIgniter4-4.1.9/app/Views/statistik/filter_kabupaten.php(41): CodeIgniter\Debug\Exceptions->errorHandler()
#1 /opt/lampp/htdocs/CodeIgniter4-4.1.9/system/View/View.php(210): include('...')
#2 /opt/lampp/htdocs/CodeIgniter4-4.1.9/system/View/View.php(213): CodeIgniter\View\View->CodeIgniter\View\{closure}()
#3 /opt/lampp/htdocs/CodeIgniter4-4.1.9/system/Common.php(1089): CodeIgniter\View\View->render()
#4 /opt/lampp/htdocs/CodeIgniter4-4.1.9/app/Controllers/Statistik.php(53): view()
#5 /opt/lampp/htdocs/CodeIgniter4-4.1.9/system/CodeIgniter.php(832): App\Controllers\Statistik->filter_kabupaten()
#6 /opt/lampp/htdocs/CodeIgniter4-4.1.9/system/CodeIgniter.php(419): CodeIgniter\CodeIgniter->runController()
#7 /opt/lampp/htdocs/CodeIgniter4-4.1.9/system/CodeIgniter.php(326): CodeIgniter\CodeIgniter->handleRequest()
#8 /opt/lampp/htdocs/CodeIgniter4-4.1.9/public/index.php(37): CodeIgniter\CodeIgniter->run()
#9 /opt/lampp/htdocs/CodeIgniter4-4.1.9/system/Commands/Server/rewrite.php(43): require_once('...')
#10 {main}
CRITICAL - 2023-09-24 23:50:03 --> Undefined array key "id"
#0 /opt/lampp/htdocs/CodeIgniter4-4.1.9/app/Views/statistik/filter_kabupaten.php(41): CodeIgniter\Debug\Exceptions->errorHandler()
#1 /opt/lampp/htdocs/CodeIgniter4-4.1.9/system/View/View.php(210): include('...')
#2 /opt/lampp/htdocs/CodeIgniter4-4.1.9/system/View/View.php(213): CodeIgniter\View\View->CodeIgniter\View\{closure}()
#3 /opt/lampp/htdocs/CodeIgniter4-4.1.9/system/Common.php(1089): CodeIgniter\View\View->render()
#4 /opt/lampp/htdocs/CodeIgniter4-4.1.9/app/Controllers/Statistik.php(53): view()
#5 /opt/lampp/htdocs/CodeIgniter4-4.1.9/system/CodeIgniter.php(832): App\Controllers\Statistik->filter_kabupaten()
#6 /opt/lampp/htdocs/CodeIgniter4-4.1.9/system/CodeIgniter.php(419): CodeIgniter\CodeIgniter->runController()
#7 /opt/lampp/htdocs/CodeIgniter4-4.1.9/system/CodeIgniter.php(326): CodeIgniter\CodeIgniter->handleRequest()
#8 /opt/lampp/htdocs/CodeIgniter4-4.1.9/public/index.php(37): CodeIgniter\CodeIgniter->run()
#9 /opt/lampp/htdocs/CodeIgniter4-4.1.9/system/Commands/Server/rewrite.php(43): require_once('...')
#10 {main}
CRITICAL - 2023-09-24 23:55:22 --> Undefined variable $laporans
#0 /opt/lampp/htdocs/CodeIgniter4-4.1.9/app/Views/statistik/index.php(190): CodeIgniter\Debug\Exceptions->errorHandler()
#1 /opt/lampp/htdocs/CodeIgniter4-4.1.9/system/View/View.php(210): include('...')
#2 /opt/lampp/htdocs/CodeIgniter4-4.1.9/system/View/View.php(213): CodeIgniter\View\View->CodeIgniter\View\{closure}()
#3 /opt/lampp/htdocs/CodeIgniter4-4.1.9/system/Common.php(1089): CodeIgniter\View\View->render()
#4 /opt/lampp/htdocs/CodeIgniter4-4.1.9/app/Controllers/Statistik.php(41): view()
#5 /opt/lampp/htdocs/CodeIgniter4-4.1.9/system/CodeIgniter.php(832): App\Controllers\Statistik->index()
#6 /opt/lampp/htdocs/CodeIgniter4-4.1.9/system/CodeIgniter.php(419): CodeIgniter\CodeIgniter->runController()
#7 /opt/lampp/htdocs/CodeIgniter4-4.1.9/system/CodeIgniter.php(326): CodeIgniter\CodeIgniter->handleRequest()
#8 /opt/lampp/htdocs/CodeIgniter4-4.1.9/public/index.php(37): CodeIgniter\CodeIgniter->run()
#9 /opt/lampp/htdocs/CodeIgniter4-4.1.9/system/Commands/Server/rewrite.php(43): require_once('...')
#10 {main}
