CRITICAL - 2023-09-22 03:48:11 --> Undefined property: stdClass::$jumlah_kecamatan
#0 /opt/lampp/htdocs/CodeIgniter4-4.1.9/app/Views/kabupaten/index.php(42): CodeIgniter\Debug\Exceptions->errorHandler()
#1 /opt/lampp/htdocs/CodeIgniter4-4.1.9/system/View/View.php(210): include('...')
#2 /opt/lampp/htdocs/CodeIgniter4-4.1.9/system/View/View.php(213): CodeIgniter\View\View->CodeIgniter\View\{closure}()
#3 /opt/lampp/htdocs/CodeIgniter4-4.1.9/system/Common.php(1089): CodeIgniter\View\View->render()
#4 /opt/lampp/htdocs/CodeIgniter4-4.1.9/app/Controllers/Kabupaten.php(26): view()
#5 /opt/lampp/htdocs/CodeIgniter4-4.1.9/system/CodeIgniter.php(832): App\Controllers\Kabupaten->index()
#6 /opt/lampp/htdocs/CodeIgniter4-4.1.9/system/CodeIgniter.php(419): CodeIgniter\CodeIgniter->runController()
#7 /opt/lampp/htdocs/CodeIgniter4-4.1.9/system/CodeIgniter.php(326): CodeIgniter\CodeIgniter->handleRequest()
#8 /opt/lampp/htdocs/CodeIgniter4-4.1.9/public/index.php(37): CodeIgniter\CodeIgniter->run()
#9 /opt/lampp/htdocs/CodeIgniter4-4.1.9/system/Commands/Server/rewrite.php(43): require_once('...')
#10 {main}
CRITICAL - 2023-09-22 03:55:20 --> Cannot use object of type stdClass as array
#0 /opt/lampp/htdocs/CodeIgniter4-4.1.9/system/View/View.php(210): include()
#1 /opt/lampp/htdocs/CodeIgniter4-4.1.9/system/View/View.php(213): CodeIgniter\View\View->CodeIgniter\View\{closure}()
#2 /opt/lampp/htdocs/CodeIgniter4-4.1.9/system/Common.php(1089): CodeIgniter\View\View->render()
#3 /opt/lampp/htdocs/CodeIgniter4-4.1.9/app/Controllers/Kabupaten.php(25): view()
#4 /opt/lampp/htdocs/CodeIgniter4-4.1.9/system/CodeIgniter.php(832): App\Controllers\Kabupaten->index()
#5 /opt/lampp/htdocs/CodeIgniter4-4.1.9/system/CodeIgniter.php(419): CodeIgniter\CodeIgniter->runController()
#6 /opt/lampp/htdocs/CodeIgniter4-4.1.9/system/CodeIgniter.php(326): CodeIgniter\CodeIgniter->handleRequest()
#7 /opt/lampp/htdocs/CodeIgniter4-4.1.9/public/index.php(37): CodeIgniter\CodeIgniter->run()
#8 /opt/lampp/htdocs/CodeIgniter4-4.1.9/system/Commands/Server/rewrite.php(43): require_once('...')
#9 {main}
CRITICAL - 2023-09-22 03:55:44 --> Cannot use object of type stdClass as array
#0 /opt/lampp/htdocs/CodeIgniter4-4.1.9/system/View/View.php(210): include()
#1 /opt/lampp/htdocs/CodeIgniter4-4.1.9/system/View/View.php(213): CodeIgniter\View\View->CodeIgniter\View\{closure}()
#2 /opt/lampp/htdocs/CodeIgniter4-4.1.9/system/Common.php(1089): CodeIgniter\View\View->render()
#3 /opt/lampp/htdocs/CodeIgniter4-4.1.9/app/Controllers/Kabupaten.php(25): view()
#4 /opt/lampp/htdocs/CodeIgniter4-4.1.9/system/CodeIgniter.php(832): App\Controllers\Kabupaten->index()
#5 /opt/lampp/htdocs/CodeIgniter4-4.1.9/system/CodeIgniter.php(419): CodeIgniter\CodeIgniter->runController()
#6 /opt/lampp/htdocs/CodeIgniter4-4.1.9/system/CodeIgniter.php(326): CodeIgniter\CodeIgniter->handleRequest()
#7 /opt/lampp/htdocs/CodeIgniter4-4.1.9/public/index.php(37): CodeIgniter\CodeIgniter->run()
#8 /opt/lampp/htdocs/CodeIgniter4-4.1.9/system/Commands/Server/rewrite.php(43): require_once('...')
#9 {main}
CRITICAL - 2023-09-22 04:09:19 --> Undefined variable $kabupaten
#0 /opt/lampp/htdocs/CodeIgniter4-4.1.9/app/Views/kecamatan/index.php(88): CodeIgniter\Debug\Exceptions->errorHandler()
#1 /opt/lampp/htdocs/CodeIgniter4-4.1.9/system/View/View.php(210): include('...')
#2 /opt/lampp/htdocs/CodeIgniter4-4.1.9/system/View/View.php(213): CodeIgniter\View\View->CodeIgniter\View\{closure}()
#3 /opt/lampp/htdocs/CodeIgniter4-4.1.9/system/Common.php(1089): CodeIgniter\View\View->render()
#4 /opt/lampp/htdocs/CodeIgniter4-4.1.9/app/Controllers/Kecamatan.php(30): view()
#5 /opt/lampp/htdocs/CodeIgniter4-4.1.9/system/CodeIgniter.php(832): App\Controllers\Kecamatan->index()
#6 /opt/lampp/htdocs/CodeIgniter4-4.1.9/system/CodeIgniter.php(419): CodeIgniter\CodeIgniter->runController()
#7 /opt/lampp/htdocs/CodeIgniter4-4.1.9/system/CodeIgniter.php(326): CodeIgniter\CodeIgniter->handleRequest()
#8 /opt/lampp/htdocs/CodeIgniter4-4.1.9/public/index.php(37): CodeIgniter\CodeIgniter->run()
#9 /opt/lampp/htdocs/CodeIgniter4-4.1.9/system/Commands/Server/rewrite.php(43): require_once('...')
#10 {main}
CRITICAL - 2023-09-22 04:12:58 --> Cannot use object of type stdClass as array
#0 /opt/lampp/htdocs/CodeIgniter4-4.1.9/system/View/View.php(210): include()
#1 /opt/lampp/htdocs/CodeIgniter4-4.1.9/system/View/View.php(213): CodeIgniter\View\View->CodeIgniter\View\{closure}()
#2 /opt/lampp/htdocs/CodeIgniter4-4.1.9/system/Common.php(1089): CodeIgniter\View\View->render()
#3 /opt/lampp/htdocs/CodeIgniter4-4.1.9/app/Controllers/Kecamatan.php(30): view()
#4 /opt/lampp/htdocs/CodeIgniter4-4.1.9/system/CodeIgniter.php(832): App\Controllers\Kecamatan->index()
#5 /opt/lampp/htdocs/CodeIgniter4-4.1.9/system/CodeIgniter.php(419): CodeIgniter\CodeIgniter->runController()
#6 /opt/lampp/htdocs/CodeIgniter4-4.1.9/system/CodeIgniter.php(326): CodeIgniter\CodeIgniter->handleRequest()
#7 /opt/lampp/htdocs/CodeIgniter4-4.1.9/public/index.php(37): CodeIgniter\CodeIgniter->run()
#8 /opt/lampp/htdocs/CodeIgniter4-4.1.9/system/Commands/Server/rewrite.php(43): require_once('...')
#9 {main}
CRITICAL - 2023-09-22 04:13:12 --> Undefined property: stdClass::$id_kabupaten
#0 /opt/lampp/htdocs/CodeIgniter4-4.1.9/app/Views/kecamatan/index.php(130): CodeIgniter\Debug\Exceptions->errorHandler()
#1 /opt/lampp/htdocs/CodeIgniter4-4.1.9/system/View/View.php(210): include('...')
#2 /opt/lampp/htdocs/CodeIgniter4-4.1.9/system/View/View.php(213): CodeIgniter\View\View->CodeIgniter\View\{closure}()
#3 /opt/lampp/htdocs/CodeIgniter4-4.1.9/system/Common.php(1089): CodeIgniter\View\View->render()
#4 /opt/lampp/htdocs/CodeIgniter4-4.1.9/app/Controllers/Kecamatan.php(30): view()
#5 /opt/lampp/htdocs/CodeIgniter4-4.1.9/system/CodeIgniter.php(832): App\Controllers\Kecamatan->index()
#6 /opt/lampp/htdocs/CodeIgniter4-4.1.9/system/CodeIgniter.php(419): CodeIgniter\CodeIgniter->runController()
#7 /opt/lampp/htdocs/CodeIgniter4-4.1.9/system/CodeIgniter.php(326): CodeIgniter\CodeIgniter->handleRequest()
#8 /opt/lampp/htdocs/CodeIgniter4-4.1.9/public/index.php(37): CodeIgniter\CodeIgniter->run()
#9 /opt/lampp/htdocs/CodeIgniter4-4.1.9/system/Commands/Server/rewrite.php(43): require_once('...')
#10 {main}
CRITICAL - 2023-09-22 04:13:13 --> Undefined property: stdClass::$id_kabupaten
#0 /opt/lampp/htdocs/CodeIgniter4-4.1.9/app/Views/kecamatan/index.php(130): CodeIgniter\Debug\Exceptions->errorHandler()
#1 /opt/lampp/htdocs/CodeIgniter4-4.1.9/system/View/View.php(210): include('...')
#2 /opt/lampp/htdocs/CodeIgniter4-4.1.9/system/View/View.php(213): CodeIgniter\View\View->CodeIgniter\View\{closure}()
#3 /opt/lampp/htdocs/CodeIgniter4-4.1.9/system/Common.php(1089): CodeIgniter\View\View->render()
#4 /opt/lampp/htdocs/CodeIgniter4-4.1.9/app/Controllers/Kecamatan.php(30): view()
#5 /opt/lampp/htdocs/CodeIgniter4-4.1.9/system/CodeIgniter.php(832): App\Controllers\Kecamatan->index()
#6 /opt/lampp/htdocs/CodeIgniter4-4.1.9/system/CodeIgniter.php(419): CodeIgniter\CodeIgniter->runController()
#7 /opt/lampp/htdocs/CodeIgniter4-4.1.9/system/CodeIgniter.php(326): CodeIgniter\CodeIgniter->handleRequest()
#8 /opt/lampp/htdocs/CodeIgniter4-4.1.9/public/index.php(37): CodeIgniter\CodeIgniter->run()
#9 /opt/lampp/htdocs/CodeIgniter4-4.1.9/system/Commands/Server/rewrite.php(43): require_once('...')
#10 {main}
CRITICAL - 2023-09-22 04:15:17 --> Undefined property: stdClass::$id_kabupaten
#0 /opt/lampp/htdocs/CodeIgniter4-4.1.9/app/Views/kecamatan/index.php(128): CodeIgniter\Debug\Exceptions->errorHandler()
#1 /opt/lampp/htdocs/CodeIgniter4-4.1.9/system/View/View.php(210): include('...')
#2 /opt/lampp/htdocs/CodeIgniter4-4.1.9/system/View/View.php(213): CodeIgniter\View\View->CodeIgniter\View\{closure}()
#3 /opt/lampp/htdocs/CodeIgniter4-4.1.9/system/Common.php(1089): CodeIgniter\View\View->render()
#4 /opt/lampp/htdocs/CodeIgniter4-4.1.9/app/Controllers/Kecamatan.php(30): view()
#5 /opt/lampp/htdocs/CodeIgniter4-4.1.9/system/CodeIgniter.php(832): App\Controllers\Kecamatan->index()
#6 /opt/lampp/htdocs/CodeIgniter4-4.1.9/system/CodeIgniter.php(419): CodeIgniter\CodeIgniter->runController()
#7 /opt/lampp/htdocs/CodeIgniter4-4.1.9/system/CodeIgniter.php(326): CodeIgniter\CodeIgniter->handleRequest()
#8 /opt/lampp/htdocs/CodeIgniter4-4.1.9/public/index.php(37): CodeIgniter\CodeIgniter->run()
#9 /opt/lampp/htdocs/CodeIgniter4-4.1.9/system/Commands/Server/rewrite.php(43): require_once('...')
#10 {main}
CRITICAL - 2023-09-22 04:30:04 --> Cannot use object of type stdClass as array
#0 /opt/lampp/htdocs/CodeIgniter4-4.1.9/system/View/View.php(210): include()
#1 /opt/lampp/htdocs/CodeIgniter4-4.1.9/system/View/View.php(213): CodeIgniter\View\View->CodeIgniter\View\{closure}()
#2 /opt/lampp/htdocs/CodeIgniter4-4.1.9/system/Common.php(1089): CodeIgniter\View\View->render()
#3 /opt/lampp/htdocs/CodeIgniter4-4.1.9/app/Controllers/Desa.php(34): view()
#4 /opt/lampp/htdocs/CodeIgniter4-4.1.9/system/CodeIgniter.php(832): App\Controllers\Desa->index()
#5 /opt/lampp/htdocs/CodeIgniter4-4.1.9/system/CodeIgniter.php(419): CodeIgniter\CodeIgniter->runController()
#6 /opt/lampp/htdocs/CodeIgniter4-4.1.9/system/CodeIgniter.php(326): CodeIgniter\CodeIgniter->handleRequest()
#7 /opt/lampp/htdocs/CodeIgniter4-4.1.9/public/index.php(37): CodeIgniter\CodeIgniter->run()
#8 /opt/lampp/htdocs/CodeIgniter4-4.1.9/system/Commands/Server/rewrite.php(43): require_once('...')
#9 {main}
CRITICAL - 2023-09-22 04:36:35 --> Cannot use object of type stdClass as array
#0 /opt/lampp/htdocs/CodeIgniter4-4.1.9/system/View/View.php(210): include()
#1 /opt/lampp/htdocs/CodeIgniter4-4.1.9/system/View/View.php(213): CodeIgniter\View\View->CodeIgniter\View\{closure}()
#2 /opt/lampp/htdocs/CodeIgniter4-4.1.9/system/Common.php(1089): CodeIgniter\View\View->render()
#3 /opt/lampp/htdocs/CodeIgniter4-4.1.9/app/Controllers/Desa.php(34): view()
#4 /opt/lampp/htdocs/CodeIgniter4-4.1.9/system/CodeIgniter.php(832): App\Controllers\Desa->index()
#5 /opt/lampp/htdocs/CodeIgniter4-4.1.9/system/CodeIgniter.php(419): CodeIgniter\CodeIgniter->runController()
#6 /opt/lampp/htdocs/CodeIgniter4-4.1.9/system/CodeIgniter.php(326): CodeIgniter\CodeIgniter->handleRequest()
#7 /opt/lampp/htdocs/CodeIgniter4-4.1.9/public/index.php(37): CodeIgniter\CodeIgniter->run()
#8 /opt/lampp/htdocs/CodeIgniter4-4.1.9/system/Commands/Server/rewrite.php(43): require_once('...')
#9 {main}
CRITICAL - 2023-09-22 04:37:52 --> Attempt to read property "id" on array
#0 /opt/lampp/htdocs/CodeIgniter4-4.1.9/app/Views/desa/index.php(121): CodeIgniter\Debug\Exceptions->errorHandler()
#1 /opt/lampp/htdocs/CodeIgniter4-4.1.9/system/View/View.php(210): include('...')
#2 /opt/lampp/htdocs/CodeIgniter4-4.1.9/system/View/View.php(213): CodeIgniter\View\View->CodeIgniter\View\{closure}()
#3 /opt/lampp/htdocs/CodeIgniter4-4.1.9/system/Common.php(1089): CodeIgniter\View\View->render()
#4 /opt/lampp/htdocs/CodeIgniter4-4.1.9/app/Controllers/Desa.php(34): view()
#5 /opt/lampp/htdocs/CodeIgniter4-4.1.9/system/CodeIgniter.php(832): App\Controllers\Desa->index()
#6 /opt/lampp/htdocs/CodeIgniter4-4.1.9/system/CodeIgniter.php(419): CodeIgniter\CodeIgniter->runController()
#7 /opt/lampp/htdocs/CodeIgniter4-4.1.9/system/CodeIgniter.php(326): CodeIgniter\CodeIgniter->handleRequest()
#8 /opt/lampp/htdocs/CodeIgniter4-4.1.9/public/index.php(37): CodeIgniter\CodeIgniter->run()
#9 /opt/lampp/htdocs/CodeIgniter4-4.1.9/system/Commands/Server/rewrite.php(43): require_once('...')
#10 {main}
CRITICAL - 2023-09-22 04:39:32 --> Undefined variable $kecamatan
#0 /opt/lampp/htdocs/CodeIgniter4-4.1.9/app/Views/desa/index.php(155): CodeIgniter\Debug\Exceptions->errorHandler()
#1 /opt/lampp/htdocs/CodeIgniter4-4.1.9/system/View/View.php(210): include('...')
#2 /opt/lampp/htdocs/CodeIgniter4-4.1.9/system/View/View.php(213): CodeIgniter\View\View->CodeIgniter\View\{closure}()
#3 /opt/lampp/htdocs/CodeIgniter4-4.1.9/system/Common.php(1089): CodeIgniter\View\View->render()
#4 /opt/lampp/htdocs/CodeIgniter4-4.1.9/app/Controllers/Desa.php(34): view()
#5 /opt/lampp/htdocs/CodeIgniter4-4.1.9/system/CodeIgniter.php(832): App\Controllers\Desa->index()
#6 /opt/lampp/htdocs/CodeIgniter4-4.1.9/system/CodeIgniter.php(419): CodeIgniter\CodeIgniter->runController()
#7 /opt/lampp/htdocs/CodeIgniter4-4.1.9/system/CodeIgniter.php(326): CodeIgniter\CodeIgniter->handleRequest()
#8 /opt/lampp/htdocs/CodeIgniter4-4.1.9/public/index.php(37): CodeIgniter\CodeIgniter->run()
#9 /opt/lampp/htdocs/CodeIgniter4-4.1.9/system/Commands/Server/rewrite.php(43): require_once('...')
#10 {main}
ERROR - 2023-09-22 05:07:17 --> Unknown column 'id_user' in 'on clause'
CRITICAL - 2023-09-22 05:07:17 --> Unknown column 'id_user' in 'on clause'
#0 /opt/lampp/htdocs/CodeIgniter4-4.1.9/system/Database/MySQLi/Connection.php(292): mysqli->query()
#1 /opt/lampp/htdocs/CodeIgniter4-4.1.9/system/Database/BaseConnection.php(670): CodeIgniter\Database\MySQLi\Connection->execute()
#2 /opt/lampp/htdocs/CodeIgniter4-4.1.9/system/Database/BaseConnection.php(598): CodeIgniter\Database\BaseConnection->simpleQuery()
#3 /opt/lampp/htdocs/CodeIgniter4-4.1.9/app/Models/LoginModel.php(31): CodeIgniter\Database\BaseConnection->query()
#4 /opt/lampp/htdocs/CodeIgniter4-4.1.9/app/Controllers/User.php(28): App\Models\LoginModel->getUser()
#5 /opt/lampp/htdocs/CodeIgniter4-4.1.9/system/CodeIgniter.php(832): App\Controllers\User->index()
#6 /opt/lampp/htdocs/CodeIgniter4-4.1.9/system/CodeIgniter.php(419): CodeIgniter\CodeIgniter->runController()
#7 /opt/lampp/htdocs/CodeIgniter4-4.1.9/system/CodeIgniter.php(326): CodeIgniter\CodeIgniter->handleRequest()
#8 /opt/lampp/htdocs/CodeIgniter4-4.1.9/public/index.php(37): CodeIgniter\CodeIgniter->run()
#9 /opt/lampp/htdocs/CodeIgniter4-4.1.9/system/Commands/Server/rewrite.php(43): require_once('...')
#10 {main}
ERROR - 2023-09-22 05:07:31 --> Unknown column 'users.id_user' in 'on clause'
CRITICAL - 2023-09-22 05:07:31 --> Unknown column 'users.id_user' in 'on clause'
#0 /opt/lampp/htdocs/CodeIgniter4-4.1.9/system/Database/MySQLi/Connection.php(292): mysqli->query()
#1 /opt/lampp/htdocs/CodeIgniter4-4.1.9/system/Database/BaseConnection.php(670): CodeIgniter\Database\MySQLi\Connection->execute()
#2 /opt/lampp/htdocs/CodeIgniter4-4.1.9/system/Database/BaseConnection.php(598): CodeIgniter\Database\BaseConnection->simpleQuery()
#3 /opt/lampp/htdocs/CodeIgniter4-4.1.9/app/Models/LoginModel.php(31): CodeIgniter\Database\BaseConnection->query()
#4 /opt/lampp/htdocs/CodeIgniter4-4.1.9/app/Controllers/User.php(28): App\Models\LoginModel->getUser()
#5 /opt/lampp/htdocs/CodeIgniter4-4.1.9/system/CodeIgniter.php(832): App\Controllers\User->index()
#6 /opt/lampp/htdocs/CodeIgniter4-4.1.9/system/CodeIgniter.php(419): CodeIgniter\CodeIgniter->runController()
#7 /opt/lampp/htdocs/CodeIgniter4-4.1.9/system/CodeIgniter.php(326): CodeIgniter\CodeIgniter->handleRequest()
#8 /opt/lampp/htdocs/CodeIgniter4-4.1.9/public/index.php(37): CodeIgniter\CodeIgniter->run()
#9 /opt/lampp/htdocs/CodeIgniter4-4.1.9/system/Commands/Server/rewrite.php(43): require_once('...')
#10 {main}
CRITICAL - 2023-09-22 05:16:08 --> Cannot use object of type stdClass as array
#0 /opt/lampp/htdocs/CodeIgniter4-4.1.9/system/View/View.php(210): include()
#1 /opt/lampp/htdocs/CodeIgniter4-4.1.9/system/View/View.php(213): CodeIgniter\View\View->CodeIgniter\View\{closure}()
#2 /opt/lampp/htdocs/CodeIgniter4-4.1.9/system/Common.php(1089): CodeIgniter\View\View->render()
#3 /opt/lampp/htdocs/CodeIgniter4-4.1.9/app/Controllers/User.php(33): view()
#4 /opt/lampp/htdocs/CodeIgniter4-4.1.9/system/CodeIgniter.php(832): App\Controllers\User->index()
#5 /opt/lampp/htdocs/CodeIgniter4-4.1.9/system/CodeIgniter.php(419): CodeIgniter\CodeIgniter->runController()
#6 /opt/lampp/htdocs/CodeIgniter4-4.1.9/system/CodeIgniter.php(326): CodeIgniter\CodeIgniter->handleRequest()
#7 /opt/lampp/htdocs/CodeIgniter4-4.1.9/public/index.php(37): CodeIgniter\CodeIgniter->run()
#8 /opt/lampp/htdocs/CodeIgniter4-4.1.9/system/Commands/Server/rewrite.php(43): require_once('...')
#9 {main}
CRITICAL - 2023-09-22 05:21:44 --> Attempt to read property "username" on array
#0 /opt/lampp/htdocs/CodeIgniter4-4.1.9/app/Views/content/user.php(44): CodeIgniter\Debug\Exceptions->errorHandler()
#1 /opt/lampp/htdocs/CodeIgniter4-4.1.9/system/View/View.php(210): include('...')
#2 /opt/lampp/htdocs/CodeIgniter4-4.1.9/system/View/View.php(213): CodeIgniter\View\View->CodeIgniter\View\{closure}()
#3 /opt/lampp/htdocs/CodeIgniter4-4.1.9/system/Common.php(1089): CodeIgniter\View\View->render()
#4 /opt/lampp/htdocs/CodeIgniter4-4.1.9/app/Controllers/User.php(35): view()
#5 /opt/lampp/htdocs/CodeIgniter4-4.1.9/system/CodeIgniter.php(832): App\Controllers\User->index()
#6 /opt/lampp/htdocs/CodeIgniter4-4.1.9/system/CodeIgniter.php(419): CodeIgniter\CodeIgniter->runController()
#7 /opt/lampp/htdocs/CodeIgniter4-4.1.9/system/CodeIgniter.php(326): CodeIgniter\CodeIgniter->handleRequest()
#8 /opt/lampp/htdocs/CodeIgniter4-4.1.9/public/index.php(37): CodeIgniter\CodeIgniter->run()
#9 /opt/lampp/htdocs/CodeIgniter4-4.1.9/system/Commands/Server/rewrite.php(43): require_once('...')
#10 {main}
CRITICAL - 2023-09-22 06:24:07 --> Undefined variable $laporans
#0 /opt/lampp/htdocs/CodeIgniter4-4.1.9/app/Views/data_banjir/index.php(38): CodeIgniter\Debug\Exceptions->errorHandler()
#1 /opt/lampp/htdocs/CodeIgniter4-4.1.9/system/View/View.php(210): include('...')
#2 /opt/lampp/htdocs/CodeIgniter4-4.1.9/system/View/View.php(213): CodeIgniter\View\View->CodeIgniter\View\{closure}()
#3 /opt/lampp/htdocs/CodeIgniter4-4.1.9/system/Common.php(1089): CodeIgniter\View\View->render()
#4 /opt/lampp/htdocs/CodeIgniter4-4.1.9/app/Controllers/Pelaporan.php(36): view()
#5 /opt/lampp/htdocs/CodeIgniter4-4.1.9/system/CodeIgniter.php(832): App\Controllers\Pelaporan->index()
#6 /opt/lampp/htdocs/CodeIgniter4-4.1.9/system/CodeIgniter.php(419): CodeIgniter\CodeIgniter->runController()
#7 /opt/lampp/htdocs/CodeIgniter4-4.1.9/system/CodeIgniter.php(326): CodeIgniter\CodeIgniter->handleRequest()
#8 /opt/lampp/htdocs/CodeIgniter4-4.1.9/public/index.php(37): CodeIgniter\CodeIgniter->run()
#9 /opt/lampp/htdocs/CodeIgniter4-4.1.9/system/Commands/Server/rewrite.php(43): require_once('...')
#10 {main}
CRITICAL - 2023-09-22 07:15:59 --> There is no data to insert.
#0 /opt/lampp/htdocs/CodeIgniter4-4.1.9/system/BaseModel.php(718): CodeIgniter\Database\Exceptions\DataException::forEmptyDataset()
#1 /opt/lampp/htdocs/CodeIgniter4-4.1.9/system/Model.php(625): CodeIgniter\BaseModel->insert()
#2 /opt/lampp/htdocs/CodeIgniter4-4.1.9/system/BaseModel.php(658): CodeIgniter\Model->insert()
#3 /opt/lampp/htdocs/CodeIgniter4-4.1.9/app/Controllers/Pelaporan.php(228): CodeIgniter\BaseModel->save()
#4 /opt/lampp/htdocs/CodeIgniter4-4.1.9/system/CodeIgniter.php(832): App\Controllers\Pelaporan->save()
#5 /opt/lampp/htdocs/CodeIgniter4-4.1.9/system/CodeIgniter.php(419): CodeIgniter\CodeIgniter->runController()
#6 /opt/lampp/htdocs/CodeIgniter4-4.1.9/system/CodeIgniter.php(326): CodeIgniter\CodeIgniter->handleRequest()
#7 /opt/lampp/htdocs/CodeIgniter4-4.1.9/public/index.php(37): CodeIgniter\CodeIgniter->run()
#8 /opt/lampp/htdocs/CodeIgniter4-4.1.9/system/Commands/Server/rewrite.php(43): require_once('...')
#9 {main}
CRITICAL - 2023-09-22 07:16:52 --> There is no data to insert.
#0 /opt/lampp/htdocs/CodeIgniter4-4.1.9/system/BaseModel.php(718): CodeIgniter\Database\Exceptions\DataException::forEmptyDataset()
#1 /opt/lampp/htdocs/CodeIgniter4-4.1.9/system/Model.php(625): CodeIgniter\BaseModel->insert()
#2 /opt/lampp/htdocs/CodeIgniter4-4.1.9/system/BaseModel.php(658): CodeIgniter\Model->insert()
#3 /opt/lampp/htdocs/CodeIgniter4-4.1.9/app/Controllers/Pelaporan.php(228): CodeIgniter\BaseModel->save()
#4 /opt/lampp/htdocs/CodeIgniter4-4.1.9/system/CodeIgniter.php(832): App\Controllers\Pelaporan->save()
#5 /opt/lampp/htdocs/CodeIgniter4-4.1.9/system/CodeIgniter.php(419): CodeIgniter\CodeIgniter->runController()
#6 /opt/lampp/htdocs/CodeIgniter4-4.1.9/system/CodeIgniter.php(326): CodeIgniter\CodeIgniter->handleRequest()
#7 /opt/lampp/htdocs/CodeIgniter4-4.1.9/public/index.php(37): CodeIgniter\CodeIgniter->run()
#8 /opt/lampp/htdocs/CodeIgniter4-4.1.9/system/Commands/Server/rewrite.php(43): require_once('...')
#9 {main}
CRITICAL - 2023-09-22 07:23:05 --> CodeIgniter\Database\BaseBuilder::get(): Argument #1 ($limit) must be of type ?int, string given, called in /opt/lampp/htdocs/CodeIgniter4-4.1.9/system/Model.php on line 728
#0 /opt/lampp/htdocs/CodeIgniter4-4.1.9/system/Model.php(728): CodeIgniter\Database\BaseBuilder->get()
#1 /opt/lampp/htdocs/CodeIgniter4-4.1.9/app/Controllers/Pelaporan.php(227): CodeIgniter\Model->__call()
#2 /opt/lampp/htdocs/CodeIgniter4-4.1.9/system/CodeIgniter.php(832): App\Controllers\Pelaporan->save()
#3 /opt/lampp/htdocs/CodeIgniter4-4.1.9/system/CodeIgniter.php(419): CodeIgniter\CodeIgniter->runController()
#4 /opt/lampp/htdocs/CodeIgniter4-4.1.9/system/CodeIgniter.php(326): CodeIgniter\CodeIgniter->handleRequest()
#5 /opt/lampp/htdocs/CodeIgniter4-4.1.9/public/index.php(37): CodeIgniter\CodeIgniter->run()
#6 /opt/lampp/htdocs/CodeIgniter4-4.1.9/system/Commands/Server/rewrite.php(43): require_once('...')
#7 {main}
CRITICAL - 2023-09-22 07:23:52 --> There is no data to insert.
#0 /opt/lampp/htdocs/CodeIgniter4-4.1.9/system/BaseModel.php(718): CodeIgniter\Database\Exceptions\DataException::forEmptyDataset()
#1 /opt/lampp/htdocs/CodeIgniter4-4.1.9/system/Model.php(625): CodeIgniter\BaseModel->insert()
#2 /opt/lampp/htdocs/CodeIgniter4-4.1.9/system/BaseModel.php(658): CodeIgniter\Model->insert()
#3 /opt/lampp/htdocs/CodeIgniter4-4.1.9/app/Controllers/Pelaporan.php(230): CodeIgniter\BaseModel->save()
#4 /opt/lampp/htdocs/CodeIgniter4-4.1.9/system/CodeIgniter.php(832): App\Controllers\Pelaporan->save()
#5 /opt/lampp/htdocs/CodeIgniter4-4.1.9/system/CodeIgniter.php(419): CodeIgniter\CodeIgniter->runController()
#6 /opt/lampp/htdocs/CodeIgniter4-4.1.9/system/CodeIgniter.php(326): CodeIgniter\CodeIgniter->handleRequest()
#7 /opt/lampp/htdocs/CodeIgniter4-4.1.9/public/index.php(37): CodeIgniter\CodeIgniter->run()
#8 /opt/lampp/htdocs/CodeIgniter4-4.1.9/system/Commands/Server/rewrite.php(43): require_once('...')
#9 {main}
CRITICAL - 2023-09-22 07:25:01 --> Attempt to read property "created_at" on array
#0 /opt/lampp/htdocs/CodeIgniter4-4.1.9/app/Views/data_banjir/index.php(41): CodeIgniter\Debug\Exceptions->errorHandler()
#1 /opt/lampp/htdocs/CodeIgniter4-4.1.9/system/View/View.php(210): include('...')
#2 /opt/lampp/htdocs/CodeIgniter4-4.1.9/system/View/View.php(213): CodeIgniter\View\View->CodeIgniter\View\{closure}()
#3 /opt/lampp/htdocs/CodeIgniter4-4.1.9/system/Common.php(1089): CodeIgniter\View\View->render()
#4 /opt/lampp/htdocs/CodeIgniter4-4.1.9/app/Controllers/Pelaporan.php(36): view()
#5 /opt/lampp/htdocs/CodeIgniter4-4.1.9/system/CodeIgniter.php(832): App\Controllers\Pelaporan->index()
#6 /opt/lampp/htdocs/CodeIgniter4-4.1.9/system/CodeIgniter.php(419): CodeIgniter\CodeIgniter->runController()
#7 /opt/lampp/htdocs/CodeIgniter4-4.1.9/system/CodeIgniter.php(326): CodeIgniter\CodeIgniter->handleRequest()
#8 /opt/lampp/htdocs/CodeIgniter4-4.1.9/public/index.php(37): CodeIgniter\CodeIgniter->run()
#9 /opt/lampp/htdocs/CodeIgniter4-4.1.9/system/Commands/Server/rewrite.php(43): require_once('...')
#10 {main}
CRITICAL - 2023-09-22 07:25:35 --> Attempt to read property "status" on array
#0 /opt/lampp/htdocs/CodeIgniter4-4.1.9/app/Views/data_banjir/index.php(42): CodeIgniter\Debug\Exceptions->errorHandler()
#1 /opt/lampp/htdocs/CodeIgniter4-4.1.9/system/View/View.php(210): include('...')
#2 /opt/lampp/htdocs/CodeIgniter4-4.1.9/system/View/View.php(213): CodeIgniter\View\View->CodeIgniter\View\{closure}()
#3 /opt/lampp/htdocs/CodeIgniter4-4.1.9/system/Common.php(1089): CodeIgniter\View\View->render()
#4 /opt/lampp/htdocs/CodeIgniter4-4.1.9/app/Controllers/Pelaporan.php(36): view()
#5 /opt/lampp/htdocs/CodeIgniter4-4.1.9/system/CodeIgniter.php(832): App\Controllers\Pelaporan->index()
#6 /opt/lampp/htdocs/CodeIgniter4-4.1.9/system/CodeIgniter.php(419): CodeIgniter\CodeIgniter->runController()
#7 /opt/lampp/htdocs/CodeIgniter4-4.1.9/system/CodeIgniter.php(326): CodeIgniter\CodeIgniter->handleRequest()
#8 /opt/lampp/htdocs/CodeIgniter4-4.1.9/public/index.php(37): CodeIgniter\CodeIgniter->run()
#9 /opt/lampp/htdocs/CodeIgniter4-4.1.9/system/Commands/Server/rewrite.php(43): require_once('...')
#10 {main}
CRITICAL - 2023-09-22 07:25:44 --> Attempt to read property "id" on array
#0 /opt/lampp/htdocs/CodeIgniter4-4.1.9/app/Views/data_banjir/index.php(43): CodeIgniter\Debug\Exceptions->errorHandler()
#1 /opt/lampp/htdocs/CodeIgniter4-4.1.9/system/View/View.php(210): include('...')
#2 /opt/lampp/htdocs/CodeIgniter4-4.1.9/system/View/View.php(213): CodeIgniter\View\View->CodeIgniter\View\{closure}()
#3 /opt/lampp/htdocs/CodeIgniter4-4.1.9/system/Common.php(1089): CodeIgniter\View\View->render()
#4 /opt/lampp/htdocs/CodeIgniter4-4.1.9/app/Controllers/Pelaporan.php(36): view()
#5 /opt/lampp/htdocs/CodeIgniter4-4.1.9/system/CodeIgniter.php(832): App\Controllers\Pelaporan->index()
#6 /opt/lampp/htdocs/CodeIgniter4-4.1.9/system/CodeIgniter.php(419): CodeIgniter\CodeIgniter->runController()
#7 /opt/lampp/htdocs/CodeIgniter4-4.1.9/system/CodeIgniter.php(326): CodeIgniter\CodeIgniter->handleRequest()
#8 /opt/lampp/htdocs/CodeIgniter4-4.1.9/public/index.php(37): CodeIgniter\CodeIgniter->run()
#9 /opt/lampp/htdocs/CodeIgniter4-4.1.9/system/Commands/Server/rewrite.php(43): require_once('...')
#10 {main}
CRITICAL - 2023-09-22 07:28:38 --> Illegal offset type
#0 /opt/lampp/htdocs/CodeIgniter4-4.1.9/system/View/View.php(210): include()
#1 /opt/lampp/htdocs/CodeIgniter4-4.1.9/system/View/View.php(213): CodeIgniter\View\View->CodeIgniter\View\{closure}()
#2 /opt/lampp/htdocs/CodeIgniter4-4.1.9/system/Common.php(1089): CodeIgniter\View\View->render()
#3 /opt/lampp/htdocs/CodeIgniter4-4.1.9/app/Controllers/Pelaporan.php(36): view()
#4 /opt/lampp/htdocs/CodeIgniter4-4.1.9/system/CodeIgniter.php(832): App\Controllers\Pelaporan->index()
#5 /opt/lampp/htdocs/CodeIgniter4-4.1.9/system/CodeIgniter.php(419): CodeIgniter\CodeIgniter->runController()
#6 /opt/lampp/htdocs/CodeIgniter4-4.1.9/system/CodeIgniter.php(326): CodeIgniter\CodeIgniter->handleRequest()
#7 /opt/lampp/htdocs/CodeIgniter4-4.1.9/public/index.php(37): CodeIgniter\CodeIgniter->run()
#8 /opt/lampp/htdocs/CodeIgniter4-4.1.9/system/Commands/Server/rewrite.php(43): require_once('...')
#9 {main}
CRITICAL - 2023-09-22 08:02:21 --> Call to undefined function tgl_ind0()
#0 /opt/lampp/htdocs/CodeIgniter4-4.1.9/system/View/View.php(210): include()
#1 /opt/lampp/htdocs/CodeIgniter4-4.1.9/system/View/View.php(213): CodeIgniter\View\View->CodeIgniter\View\{closure}()
#2 /opt/lampp/htdocs/CodeIgniter4-4.1.9/system/Common.php(1089): CodeIgniter\View\View->render()
#3 /opt/lampp/htdocs/CodeIgniter4-4.1.9/app/Controllers/Pelaporan.php(37): view()
#4 /opt/lampp/htdocs/CodeIgniter4-4.1.9/system/CodeIgniter.php(832): App\Controllers\Pelaporan->index()
#5 /opt/lampp/htdocs/CodeIgniter4-4.1.9/system/CodeIgniter.php(419): CodeIgniter\CodeIgniter->runController()
#6 /opt/lampp/htdocs/CodeIgniter4-4.1.9/system/CodeIgniter.php(326): CodeIgniter\CodeIgniter->handleRequest()
#7 /opt/lampp/htdocs/CodeIgniter4-4.1.9/public/index.php(37): CodeIgniter\CodeIgniter->run()
#8 /opt/lampp/htdocs/CodeIgniter4-4.1.9/system/Commands/Server/rewrite.php(43): require_once('...')
#9 {main}
CRITICAL - 2023-09-22 08:02:49 --> Call to undefined function tgl_indo()
#0 /opt/lampp/htdocs/CodeIgniter4-4.1.9/system/View/View.php(210): include()
#1 /opt/lampp/htdocs/CodeIgniter4-4.1.9/system/View/View.php(213): CodeIgniter\View\View->CodeIgniter\View\{closure}()
#2 /opt/lampp/htdocs/CodeIgniter4-4.1.9/system/Common.php(1089): CodeIgniter\View\View->render()
#3 /opt/lampp/htdocs/CodeIgniter4-4.1.9/app/Controllers/Pelaporan.php(37): view()
#4 /opt/lampp/htdocs/CodeIgniter4-4.1.9/system/CodeIgniter.php(832): App\Controllers\Pelaporan->index()
#5 /opt/lampp/htdocs/CodeIgniter4-4.1.9/system/CodeIgniter.php(419): CodeIgniter\CodeIgniter->runController()
#6 /opt/lampp/htdocs/CodeIgniter4-4.1.9/system/CodeIgniter.php(326): CodeIgniter\CodeIgniter->handleRequest()
#7 /opt/lampp/htdocs/CodeIgniter4-4.1.9/public/index.php(37): CodeIgniter\CodeIgniter->run()
#8 /opt/lampp/htdocs/CodeIgniter4-4.1.9/system/Commands/Server/rewrite.php(43): require_once('...')
#9 {main}
CRITICAL - 2023-09-22 08:05:28 --> Call to undefined function tgl_indo()
#0 /opt/lampp/htdocs/CodeIgniter4-4.1.9/system/View/View.php(210): include()
#1 /opt/lampp/htdocs/CodeIgniter4-4.1.9/system/View/View.php(213): CodeIgniter\View\View->CodeIgniter\View\{closure}()
#2 /opt/lampp/htdocs/CodeIgniter4-4.1.9/system/Common.php(1089): CodeIgniter\View\View->render()
#3 /opt/lampp/htdocs/CodeIgniter4-4.1.9/app/Controllers/Pelaporan.php(36): view()
#4 /opt/lampp/htdocs/CodeIgniter4-4.1.9/system/CodeIgniter.php(832): App\Controllers\Pelaporan->index()
#5 /opt/lampp/htdocs/CodeIgniter4-4.1.9/system/CodeIgniter.php(419): CodeIgniter\CodeIgniter->runController()
#6 /opt/lampp/htdocs/CodeIgniter4-4.1.9/system/CodeIgniter.php(326): CodeIgniter\CodeIgniter->handleRequest()
#7 /opt/lampp/htdocs/CodeIgniter4-4.1.9/public/index.php(37): CodeIgniter\CodeIgniter->run()
#8 /opt/lampp/htdocs/CodeIgniter4-4.1.9/system/Commands/Server/rewrite.php(43): require_once('...')
#9 {main}
CRITICAL - 2023-09-22 08:05:29 --> Call to undefined function tgl_indo()
#0 /opt/lampp/htdocs/CodeIgniter4-4.1.9/system/View/View.php(210): include()
#1 /opt/lampp/htdocs/CodeIgniter4-4.1.9/system/View/View.php(213): CodeIgniter\View\View->CodeIgniter\View\{closure}()
#2 /opt/lampp/htdocs/CodeIgniter4-4.1.9/system/Common.php(1089): CodeIgniter\View\View->render()
#3 /opt/lampp/htdocs/CodeIgniter4-4.1.9/app/Controllers/Pelaporan.php(36): view()
#4 /opt/lampp/htdocs/CodeIgniter4-4.1.9/system/CodeIgniter.php(832): App\Controllers\Pelaporan->index()
#5 /opt/lampp/htdocs/CodeIgniter4-4.1.9/system/CodeIgniter.php(419): CodeIgniter\CodeIgniter->runController()
#6 /opt/lampp/htdocs/CodeIgniter4-4.1.9/system/CodeIgniter.php(326): CodeIgniter\CodeIgniter->handleRequest()
#7 /opt/lampp/htdocs/CodeIgniter4-4.1.9/public/index.php(37): CodeIgniter\CodeIgniter->run()
#8 /opt/lampp/htdocs/CodeIgniter4-4.1.9/system/Commands/Server/rewrite.php(43): require_once('...')
#9 {main}
CRITICAL - 2023-09-22 08:05:30 --> Call to undefined function tgl_indo()
#0 /opt/lampp/htdocs/CodeIgniter4-4.1.9/system/View/View.php(210): include()
#1 /opt/lampp/htdocs/CodeIgniter4-4.1.9/system/View/View.php(213): CodeIgniter\View\View->CodeIgniter\View\{closure}()
#2 /opt/lampp/htdocs/CodeIgniter4-4.1.9/system/Common.php(1089): CodeIgniter\View\View->render()
#3 /opt/lampp/htdocs/CodeIgniter4-4.1.9/app/Controllers/Pelaporan.php(36): view()
#4 /opt/lampp/htdocs/CodeIgniter4-4.1.9/system/CodeIgniter.php(832): App\Controllers\Pelaporan->index()
#5 /opt/lampp/htdocs/CodeIgniter4-4.1.9/system/CodeIgniter.php(419): CodeIgniter\CodeIgniter->runController()
#6 /opt/lampp/htdocs/CodeIgniter4-4.1.9/system/CodeIgniter.php(326): CodeIgniter\CodeIgniter->handleRequest()
#7 /opt/lampp/htdocs/CodeIgniter4-4.1.9/public/index.php(37): CodeIgniter\CodeIgniter->run()
#8 /opt/lampp/htdocs/CodeIgniter4-4.1.9/system/Commands/Server/rewrite.php(43): require_once('...')
#9 {main}
CRITICAL - 2023-09-22 08:05:30 --> Call to undefined function tgl_indo()
#0 /opt/lampp/htdocs/CodeIgniter4-4.1.9/system/View/View.php(210): include()
#1 /opt/lampp/htdocs/CodeIgniter4-4.1.9/system/View/View.php(213): CodeIgniter\View\View->CodeIgniter\View\{closure}()
#2 /opt/lampp/htdocs/CodeIgniter4-4.1.9/system/Common.php(1089): CodeIgniter\View\View->render()
#3 /opt/lampp/htdocs/CodeIgniter4-4.1.9/app/Controllers/Pelaporan.php(36): view()
#4 /opt/lampp/htdocs/CodeIgniter4-4.1.9/system/CodeIgniter.php(832): App\Controllers\Pelaporan->index()
#5 /opt/lampp/htdocs/CodeIgniter4-4.1.9/system/CodeIgniter.php(419): CodeIgniter\CodeIgniter->runController()
#6 /opt/lampp/htdocs/CodeIgniter4-4.1.9/system/CodeIgniter.php(326): CodeIgniter\CodeIgniter->handleRequest()
#7 /opt/lampp/htdocs/CodeIgniter4-4.1.9/public/index.php(37): CodeIgniter\CodeIgniter->run()
#8 /opt/lampp/htdocs/CodeIgniter4-4.1.9/system/Commands/Server/rewrite.php(43): require_once('...')
#9 {main}
CRITICAL - 2023-09-22 08:05:30 --> Call to undefined function tgl_indo()
#0 /opt/lampp/htdocs/CodeIgniter4-4.1.9/system/View/View.php(210): include()
#1 /opt/lampp/htdocs/CodeIgniter4-4.1.9/system/View/View.php(213): CodeIgniter\View\View->CodeIgniter\View\{closure}()
#2 /opt/lampp/htdocs/CodeIgniter4-4.1.9/system/Common.php(1089): CodeIgniter\View\View->render()
#3 /opt/lampp/htdocs/CodeIgniter4-4.1.9/app/Controllers/Pelaporan.php(36): view()
#4 /opt/lampp/htdocs/CodeIgniter4-4.1.9/system/CodeIgniter.php(832): App\Controllers\Pelaporan->index()
#5 /opt/lampp/htdocs/CodeIgniter4-4.1.9/system/CodeIgniter.php(419): CodeIgniter\CodeIgniter->runController()
#6 /opt/lampp/htdocs/CodeIgniter4-4.1.9/system/CodeIgniter.php(326): CodeIgniter\CodeIgniter->handleRequest()
#7 /opt/lampp/htdocs/CodeIgniter4-4.1.9/public/index.php(37): CodeIgniter\CodeIgniter->run()
#8 /opt/lampp/htdocs/CodeIgniter4-4.1.9/system/Commands/Server/rewrite.php(43): require_once('...')
#9 {main}
CRITICAL - 2023-09-22 08:05:30 --> Call to undefined function tgl_indo()
#0 /opt/lampp/htdocs/CodeIgniter4-4.1.9/system/View/View.php(210): include()
#1 /opt/lampp/htdocs/CodeIgniter4-4.1.9/system/View/View.php(213): CodeIgniter\View\View->CodeIgniter\View\{closure}()
#2 /opt/lampp/htdocs/CodeIgniter4-4.1.9/system/Common.php(1089): CodeIgniter\View\View->render()
#3 /opt/lampp/htdocs/CodeIgniter4-4.1.9/app/Controllers/Pelaporan.php(36): view()
#4 /opt/lampp/htdocs/CodeIgniter4-4.1.9/system/CodeIgniter.php(832): App\Controllers\Pelaporan->index()
#5 /opt/lampp/htdocs/CodeIgniter4-4.1.9/system/CodeIgniter.php(419): CodeIgniter\CodeIgniter->runController()
#6 /opt/lampp/htdocs/CodeIgniter4-4.1.9/system/CodeIgniter.php(326): CodeIgniter\CodeIgniter->handleRequest()
#7 /opt/lampp/htdocs/CodeIgniter4-4.1.9/public/index.php(37): CodeIgniter\CodeIgniter->run()
#8 /opt/lampp/htdocs/CodeIgniter4-4.1.9/system/Commands/Server/rewrite.php(43): require_once('...')
#9 {main}
CRITICAL - 2023-09-22 08:05:33 --> Call to undefined function tgl_indo()
#0 /opt/lampp/htdocs/CodeIgniter4-4.1.9/system/View/View.php(210): include()
#1 /opt/lampp/htdocs/CodeIgniter4-4.1.9/system/View/View.php(213): CodeIgniter\View\View->CodeIgniter\View\{closure}()
#2 /opt/lampp/htdocs/CodeIgniter4-4.1.9/system/Common.php(1089): CodeIgniter\View\View->render()
#3 /opt/lampp/htdocs/CodeIgniter4-4.1.9/app/Controllers/Pelaporan.php(36): view()
#4 /opt/lampp/htdocs/CodeIgniter4-4.1.9/system/CodeIgniter.php(832): App\Controllers\Pelaporan->index()
#5 /opt/lampp/htdocs/CodeIgniter4-4.1.9/system/CodeIgniter.php(419): CodeIgniter\CodeIgniter->runController()
#6 /opt/lampp/htdocs/CodeIgniter4-4.1.9/system/CodeIgniter.php(326): CodeIgniter\CodeIgniter->handleRequest()
#7 /opt/lampp/htdocs/CodeIgniter4-4.1.9/public/index.php(37): CodeIgniter\CodeIgniter->run()
#8 /opt/lampp/htdocs/CodeIgniter4-4.1.9/system/Commands/Server/rewrite.php(43): require_once('...')
#9 {main}
CRITICAL - 2023-09-22 08:05:37 --> Call to undefined function tgl_indo()
#0 /opt/lampp/htdocs/CodeIgniter4-4.1.9/system/View/View.php(210): include()
#1 /opt/lampp/htdocs/CodeIgniter4-4.1.9/system/View/View.php(213): CodeIgniter\View\View->CodeIgniter\View\{closure}()
#2 /opt/lampp/htdocs/CodeIgniter4-4.1.9/system/Common.php(1089): CodeIgniter\View\View->render()
#3 /opt/lampp/htdocs/CodeIgniter4-4.1.9/app/Controllers/Pelaporan.php(36): view()
#4 /opt/lampp/htdocs/CodeIgniter4-4.1.9/system/CodeIgniter.php(832): App\Controllers\Pelaporan->index()
#5 /opt/lampp/htdocs/CodeIgniter4-4.1.9/system/CodeIgniter.php(419): CodeIgniter\CodeIgniter->runController()
#6 /opt/lampp/htdocs/CodeIgniter4-4.1.9/system/CodeIgniter.php(326): CodeIgniter\CodeIgniter->handleRequest()
#7 /opt/lampp/htdocs/CodeIgniter4-4.1.9/public/index.php(37): CodeIgniter\CodeIgniter->run()
#8 /opt/lampp/htdocs/CodeIgniter4-4.1.9/system/Commands/Server/rewrite.php(43): require_once('...')
#9 {main}
CRITICAL - 2023-09-22 08:08:43 --> Call to undefined function format_indo()
#0 /opt/lampp/htdocs/CodeIgniter4-4.1.9/system/View/View.php(210): include()
#1 /opt/lampp/htdocs/CodeIgniter4-4.1.9/system/View/View.php(213): CodeIgniter\View\View->CodeIgniter\View\{closure}()
#2 /opt/lampp/htdocs/CodeIgniter4-4.1.9/system/Common.php(1089): CodeIgniter\View\View->render()
#3 /opt/lampp/htdocs/CodeIgniter4-4.1.9/app/Controllers/Pelaporan.php(36): view()
#4 /opt/lampp/htdocs/CodeIgniter4-4.1.9/system/CodeIgniter.php(832): App\Controllers\Pelaporan->index()
#5 /opt/lampp/htdocs/CodeIgniter4-4.1.9/system/CodeIgniter.php(419): CodeIgniter\CodeIgniter->runController()
#6 /opt/lampp/htdocs/CodeIgniter4-4.1.9/system/CodeIgniter.php(326): CodeIgniter\CodeIgniter->handleRequest()
#7 /opt/lampp/htdocs/CodeIgniter4-4.1.9/public/index.php(37): CodeIgniter\CodeIgniter->run()
#8 /opt/lampp/htdocs/CodeIgniter4-4.1.9/system/Commands/Server/rewrite.php(43): require_once('...')
#9 {main}
CRITICAL - 2023-09-22 08:08:44 --> Call to undefined function format_indo()
#0 /opt/lampp/htdocs/CodeIgniter4-4.1.9/system/View/View.php(210): include()
#1 /opt/lampp/htdocs/CodeIgniter4-4.1.9/system/View/View.php(213): CodeIgniter\View\View->CodeIgniter\View\{closure}()
#2 /opt/lampp/htdocs/CodeIgniter4-4.1.9/system/Common.php(1089): CodeIgniter\View\View->render()
#3 /opt/lampp/htdocs/CodeIgniter4-4.1.9/app/Controllers/Pelaporan.php(36): view()
#4 /opt/lampp/htdocs/CodeIgniter4-4.1.9/system/CodeIgniter.php(832): App\Controllers\Pelaporan->index()
#5 /opt/lampp/htdocs/CodeIgniter4-4.1.9/system/CodeIgniter.php(419): CodeIgniter\CodeIgniter->runController()
#6 /opt/lampp/htdocs/CodeIgniter4-4.1.9/system/CodeIgniter.php(326): CodeIgniter\CodeIgniter->handleRequest()
#7 /opt/lampp/htdocs/CodeIgniter4-4.1.9/public/index.php(37): CodeIgniter\CodeIgniter->run()
#8 /opt/lampp/htdocs/CodeIgniter4-4.1.9/system/Commands/Server/rewrite.php(43): require_once('...')
#9 {main}
CRITICAL - 2023-09-22 08:17:34 --> Call to undefined function format_indo()
#0 /opt/lampp/htdocs/CodeIgniter4-4.1.9/system/View/View.php(210): include()
#1 /opt/lampp/htdocs/CodeIgniter4-4.1.9/system/View/View.php(213): CodeIgniter\View\View->CodeIgniter\View\{closure}()
#2 /opt/lampp/htdocs/CodeIgniter4-4.1.9/system/Common.php(1089): CodeIgniter\View\View->render()
#3 /opt/lampp/htdocs/CodeIgniter4-4.1.9/app/Controllers/Pelaporan.php(36): view()
#4 /opt/lampp/htdocs/CodeIgniter4-4.1.9/system/CodeIgniter.php(832): App\Controllers\Pelaporan->index()
#5 /opt/lampp/htdocs/CodeIgniter4-4.1.9/system/CodeIgniter.php(419): CodeIgniter\CodeIgniter->runController()
#6 /opt/lampp/htdocs/CodeIgniter4-4.1.9/system/CodeIgniter.php(326): CodeIgniter\CodeIgniter->handleRequest()
#7 /opt/lampp/htdocs/CodeIgniter4-4.1.9/public/index.php(37): CodeIgniter\CodeIgniter->run()
#8 /opt/lampp/htdocs/CodeIgniter4-4.1.9/system/Commands/Server/rewrite.php(43): require_once('...')
#9 {main}
CRITICAL - 2023-09-22 08:17:52 --> Call to undefined function format_indo()
#0 /opt/lampp/htdocs/CodeIgniter4-4.1.9/system/View/View.php(210): include()
#1 /opt/lampp/htdocs/CodeIgniter4-4.1.9/system/View/View.php(213): CodeIgniter\View\View->CodeIgniter\View\{closure}()
#2 /opt/lampp/htdocs/CodeIgniter4-4.1.9/system/Common.php(1089): CodeIgniter\View\View->render()
#3 /opt/lampp/htdocs/CodeIgniter4-4.1.9/app/Controllers/Pelaporan.php(36): view()
#4 /opt/lampp/htdocs/CodeIgniter4-4.1.9/system/CodeIgniter.php(832): App\Controllers\Pelaporan->index()
#5 /opt/lampp/htdocs/CodeIgniter4-4.1.9/system/CodeIgniter.php(419): CodeIgniter\CodeIgniter->runController()
#6 /opt/lampp/htdocs/CodeIgniter4-4.1.9/system/CodeIgniter.php(326): CodeIgniter\CodeIgniter->handleRequest()
#7 /opt/lampp/htdocs/CodeIgniter4-4.1.9/public/index.php(37): CodeIgniter\CodeIgniter->run()
#8 /opt/lampp/htdocs/CodeIgniter4-4.1.9/system/Commands/Server/rewrite.php(43): require_once('...')
#9 {main}
CRITICAL - 2023-09-22 08:17:57 --> Call to undefined function format_indo()
#0 /opt/lampp/htdocs/CodeIgniter4-4.1.9/system/View/View.php(210): include()
#1 /opt/lampp/htdocs/CodeIgniter4-4.1.9/system/View/View.php(213): CodeIgniter\View\View->CodeIgniter\View\{closure}()
#2 /opt/lampp/htdocs/CodeIgniter4-4.1.9/system/Common.php(1089): CodeIgniter\View\View->render()
#3 /opt/lampp/htdocs/CodeIgniter4-4.1.9/app/Controllers/Pelaporan.php(36): view()
#4 /opt/lampp/htdocs/CodeIgniter4-4.1.9/system/CodeIgniter.php(832): App\Controllers\Pelaporan->index()
#5 /opt/lampp/htdocs/CodeIgniter4-4.1.9/system/CodeIgniter.php(419): CodeIgniter\CodeIgniter->runController()
#6 /opt/lampp/htdocs/CodeIgniter4-4.1.9/system/CodeIgniter.php(326): CodeIgniter\CodeIgniter->handleRequest()
#7 /opt/lampp/htdocs/CodeIgniter4-4.1.9/public/index.php(37): CodeIgniter\CodeIgniter->run()
#8 /opt/lampp/htdocs/CodeIgniter4-4.1.9/system/Commands/Server/rewrite.php(43): require_once('...')
#9 {main}
CRITICAL - 2023-09-22 08:17:58 --> Call to undefined function format_indo()
#0 /opt/lampp/htdocs/CodeIgniter4-4.1.9/system/View/View.php(210): include()
#1 /opt/lampp/htdocs/CodeIgniter4-4.1.9/system/View/View.php(213): CodeIgniter\View\View->CodeIgniter\View\{closure}()
#2 /opt/lampp/htdocs/CodeIgniter4-4.1.9/system/Common.php(1089): CodeIgniter\View\View->render()
#3 /opt/lampp/htdocs/CodeIgniter4-4.1.9/app/Controllers/Pelaporan.php(36): view()
#4 /opt/lampp/htdocs/CodeIgniter4-4.1.9/system/CodeIgniter.php(832): App\Controllers\Pelaporan->index()
#5 /opt/lampp/htdocs/CodeIgniter4-4.1.9/system/CodeIgniter.php(419): CodeIgniter\CodeIgniter->runController()
#6 /opt/lampp/htdocs/CodeIgniter4-4.1.9/system/CodeIgniter.php(326): CodeIgniter\CodeIgniter->handleRequest()
#7 /opt/lampp/htdocs/CodeIgniter4-4.1.9/public/index.php(37): CodeIgniter\CodeIgniter->run()
#8 /opt/lampp/htdocs/CodeIgniter4-4.1.9/system/Commands/Server/rewrite.php(43): require_once('...')
#9 {main}
CRITICAL - 2023-09-22 08:17:59 --> Call to undefined function format_indo()
#0 /opt/lampp/htdocs/CodeIgniter4-4.1.9/system/View/View.php(210): include()
#1 /opt/lampp/htdocs/CodeIgniter4-4.1.9/system/View/View.php(213): CodeIgniter\View\View->CodeIgniter\View\{closure}()
#2 /opt/lampp/htdocs/CodeIgniter4-4.1.9/system/Common.php(1089): CodeIgniter\View\View->render()
#3 /opt/lampp/htdocs/CodeIgniter4-4.1.9/app/Controllers/Pelaporan.php(36): view()
#4 /opt/lampp/htdocs/CodeIgniter4-4.1.9/system/CodeIgniter.php(832): App\Controllers\Pelaporan->index()
#5 /opt/lampp/htdocs/CodeIgniter4-4.1.9/system/CodeIgniter.php(419): CodeIgniter\CodeIgniter->runController()
#6 /opt/lampp/htdocs/CodeIgniter4-4.1.9/system/CodeIgniter.php(326): CodeIgniter\CodeIgniter->handleRequest()
#7 /opt/lampp/htdocs/CodeIgniter4-4.1.9/public/index.php(37): CodeIgniter\CodeIgniter->run()
#8 /opt/lampp/htdocs/CodeIgniter4-4.1.9/system/Commands/Server/rewrite.php(43): require_once('...')
#9 {main}
CRITICAL - 2023-09-22 23:51:19 --> Attempt to read property "nama_kabupaten" on array
#0 /opt/lampp/htdocs/CodeIgniter4-4.1.9/app/Views/data_banjir/detail.php(30): CodeIgniter\Debug\Exceptions->errorHandler()
#1 /opt/lampp/htdocs/CodeIgniter4-4.1.9/system/View/View.php(210): include('...')
#2 /opt/lampp/htdocs/CodeIgniter4-4.1.9/system/View/View.php(213): CodeIgniter\View\View->CodeIgniter\View\{closure}()
#3 /opt/lampp/htdocs/CodeIgniter4-4.1.9/system/Common.php(1089): CodeIgniter\View\View->render()
#4 /opt/lampp/htdocs/CodeIgniter4-4.1.9/app/Controllers/Pelaporan.php(262): view()
#5 /opt/lampp/htdocs/CodeIgniter4-4.1.9/system/CodeIgniter.php(832): App\Controllers\Pelaporan->detail()
#6 /opt/lampp/htdocs/CodeIgniter4-4.1.9/system/CodeIgniter.php(419): CodeIgniter\CodeIgniter->runController()
#7 /opt/lampp/htdocs/CodeIgniter4-4.1.9/system/CodeIgniter.php(326): CodeIgniter\CodeIgniter->handleRequest()
#8 /opt/lampp/htdocs/CodeIgniter4-4.1.9/public/index.php(37): CodeIgniter\CodeIgniter->run()
#9 /opt/lampp/htdocs/CodeIgniter4-4.1.9/system/Commands/Server/rewrite.php(43): require_once('...')
#10 {main}
CRITICAL - 2023-09-22 23:51:43 --> Attempt to read property "nama_kabupaten" on array
#0 /opt/lampp/htdocs/CodeIgniter4-4.1.9/app/Views/data_banjir/detail.php(30): CodeIgniter\Debug\Exceptions->errorHandler()
#1 /opt/lampp/htdocs/CodeIgniter4-4.1.9/system/View/View.php(210): include('...')
#2 /opt/lampp/htdocs/CodeIgniter4-4.1.9/system/View/View.php(213): CodeIgniter\View\View->CodeIgniter\View\{closure}()
#3 /opt/lampp/htdocs/CodeIgniter4-4.1.9/system/Common.php(1089): CodeIgniter\View\View->render()
#4 /opt/lampp/htdocs/CodeIgniter4-4.1.9/app/Controllers/Pelaporan.php(262): view()
#5 /opt/lampp/htdocs/CodeIgniter4-4.1.9/system/CodeIgniter.php(832): App\Controllers\Pelaporan->detail()
#6 /opt/lampp/htdocs/CodeIgniter4-4.1.9/system/CodeIgniter.php(419): CodeIgniter\CodeIgniter->runController()
#7 /opt/lampp/htdocs/CodeIgniter4-4.1.9/system/CodeIgniter.php(326): CodeIgniter\CodeIgniter->handleRequest()
#8 /opt/lampp/htdocs/CodeIgniter4-4.1.9/public/index.php(37): CodeIgniter\CodeIgniter->run()
#9 /opt/lampp/htdocs/CodeIgniter4-4.1.9/system/Commands/Server/rewrite.php(43): require_once('...')
#10 {main}
CRITICAL - 2023-09-22 23:51:44 --> Attempt to read property "nama_kabupaten" on array
#0 /opt/lampp/htdocs/CodeIgniter4-4.1.9/app/Views/data_banjir/detail.php(30): CodeIgniter\Debug\Exceptions->errorHandler()
#1 /opt/lampp/htdocs/CodeIgniter4-4.1.9/system/View/View.php(210): include('...')
#2 /opt/lampp/htdocs/CodeIgniter4-4.1.9/system/View/View.php(213): CodeIgniter\View\View->CodeIgniter\View\{closure}()
#3 /opt/lampp/htdocs/CodeIgniter4-4.1.9/system/Common.php(1089): CodeIgniter\View\View->render()
#4 /opt/lampp/htdocs/CodeIgniter4-4.1.9/app/Controllers/Pelaporan.php(262): view()
#5 /opt/lampp/htdocs/CodeIgniter4-4.1.9/system/CodeIgniter.php(832): App\Controllers\Pelaporan->detail()
#6 /opt/lampp/htdocs/CodeIgniter4-4.1.9/system/CodeIgniter.php(419): CodeIgniter\CodeIgniter->runController()
#7 /opt/lampp/htdocs/CodeIgniter4-4.1.9/system/CodeIgniter.php(326): CodeIgniter\CodeIgniter->handleRequest()
#8 /opt/lampp/htdocs/CodeIgniter4-4.1.9/public/index.php(37): CodeIgniter\CodeIgniter->run()
#9 /opt/lampp/htdocs/CodeIgniter4-4.1.9/system/Commands/Server/rewrite.php(43): require_once('...')
#10 {main}
CRITICAL - 2023-09-22 23:51:45 --> Attempt to read property "nama_kabupaten" on array
#0 /opt/lampp/htdocs/CodeIgniter4-4.1.9/app/Views/data_banjir/detail.php(30): CodeIgniter\Debug\Exceptions->errorHandler()
#1 /opt/lampp/htdocs/CodeIgniter4-4.1.9/system/View/View.php(210): include('...')
#2 /opt/lampp/htdocs/CodeIgniter4-4.1.9/system/View/View.php(213): CodeIgniter\View\View->CodeIgniter\View\{closure}()
#3 /opt/lampp/htdocs/CodeIgniter4-4.1.9/system/Common.php(1089): CodeIgniter\View\View->render()
#4 /opt/lampp/htdocs/CodeIgniter4-4.1.9/app/Controllers/Pelaporan.php(262): view()
#5 /opt/lampp/htdocs/CodeIgniter4-4.1.9/system/CodeIgniter.php(832): App\Controllers\Pelaporan->detail()
#6 /opt/lampp/htdocs/CodeIgniter4-4.1.9/system/CodeIgniter.php(419): CodeIgniter\CodeIgniter->runController()
#7 /opt/lampp/htdocs/CodeIgniter4-4.1.9/system/CodeIgniter.php(326): CodeIgniter\CodeIgniter->handleRequest()
#8 /opt/lampp/htdocs/CodeIgniter4-4.1.9/public/index.php(37): CodeIgniter\CodeIgniter->run()
#9 /opt/lampp/htdocs/CodeIgniter4-4.1.9/system/Commands/Server/rewrite.php(43): require_once('...')
#10 {main}
CRITICAL - 2023-09-22 23:52:04 --> Attempt to read property "nama_kabupaten" on array
#0 /opt/lampp/htdocs/CodeIgniter4-4.1.9/app/Views/data_banjir/detail.php(30): CodeIgniter\Debug\Exceptions->errorHandler()
#1 /opt/lampp/htdocs/CodeIgniter4-4.1.9/system/View/View.php(210): include('...')
#2 /opt/lampp/htdocs/CodeIgniter4-4.1.9/system/View/View.php(213): CodeIgniter\View\View->CodeIgniter\View\{closure}()
#3 /opt/lampp/htdocs/CodeIgniter4-4.1.9/system/Common.php(1089): CodeIgniter\View\View->render()
#4 /opt/lampp/htdocs/CodeIgniter4-4.1.9/app/Controllers/Pelaporan.php(262): view()
#5 /opt/lampp/htdocs/CodeIgniter4-4.1.9/system/CodeIgniter.php(832): App\Controllers\Pelaporan->detail()
#6 /opt/lampp/htdocs/CodeIgniter4-4.1.9/system/CodeIgniter.php(419): CodeIgniter\CodeIgniter->runController()
#7 /opt/lampp/htdocs/CodeIgniter4-4.1.9/system/CodeIgniter.php(326): CodeIgniter\CodeIgniter->handleRequest()
#8 /opt/lampp/htdocs/CodeIgniter4-4.1.9/public/index.php(37): CodeIgniter\CodeIgniter->run()
#9 /opt/lampp/htdocs/CodeIgniter4-4.1.9/system/Commands/Server/rewrite.php(43): require_once('...')
#10 {main}
CRITICAL - 2023-09-22 23:52:09 --> Attempt to read property "nama_kabupaten" on array
#0 /opt/lampp/htdocs/CodeIgniter4-4.1.9/app/Views/data_banjir/detail.php(30): CodeIgniter\Debug\Exceptions->errorHandler()
#1 /opt/lampp/htdocs/CodeIgniter4-4.1.9/system/View/View.php(210): include('...')
#2 /opt/lampp/htdocs/CodeIgniter4-4.1.9/system/View/View.php(213): CodeIgniter\View\View->CodeIgniter\View\{closure}()
#3 /opt/lampp/htdocs/CodeIgniter4-4.1.9/system/Common.php(1089): CodeIgniter\View\View->render()
#4 /opt/lampp/htdocs/CodeIgniter4-4.1.9/app/Controllers/Pelaporan.php(262): view()
#5 /opt/lampp/htdocs/CodeIgniter4-4.1.9/system/CodeIgniter.php(832): App\Controllers\Pelaporan->detail()
#6 /opt/lampp/htdocs/CodeIgniter4-4.1.9/system/CodeIgniter.php(419): CodeIgniter\CodeIgniter->runController()
#7 /opt/lampp/htdocs/CodeIgniter4-4.1.9/system/CodeIgniter.php(326): CodeIgniter\CodeIgniter->handleRequest()
#8 /opt/lampp/htdocs/CodeIgniter4-4.1.9/public/index.php(37): CodeIgniter\CodeIgniter->run()
#9 /opt/lampp/htdocs/CodeIgniter4-4.1.9/system/Commands/Server/rewrite.php(43): require_once('...')
#10 {main}
CRITICAL - 2023-09-22 23:54:17 --> Undefined array key "nama_kabupaten"
#0 /opt/lampp/htdocs/CodeIgniter4-4.1.9/app/Views/data_banjir/detail.php(30): CodeIgniter\Debug\Exceptions->errorHandler()
#1 /opt/lampp/htdocs/CodeIgniter4-4.1.9/system/View/View.php(210): include('...')
#2 /opt/lampp/htdocs/CodeIgniter4-4.1.9/system/View/View.php(213): CodeIgniter\View\View->CodeIgniter\View\{closure}()
#3 /opt/lampp/htdocs/CodeIgniter4-4.1.9/system/Common.php(1089): CodeIgniter\View\View->render()
#4 /opt/lampp/htdocs/CodeIgniter4-4.1.9/app/Controllers/Pelaporan.php(262): view()
#5 /opt/lampp/htdocs/CodeIgniter4-4.1.9/system/CodeIgniter.php(832): App\Controllers\Pelaporan->detail()
#6 /opt/lampp/htdocs/CodeIgniter4-4.1.9/system/CodeIgniter.php(419): CodeIgniter\CodeIgniter->runController()
#7 /opt/lampp/htdocs/CodeIgniter4-4.1.9/system/CodeIgniter.php(326): CodeIgniter\CodeIgniter->handleRequest()
#8 /opt/lampp/htdocs/CodeIgniter4-4.1.9/public/index.php(37): CodeIgniter\CodeIgniter->run()
#9 /opt/lampp/htdocs/CodeIgniter4-4.1.9/system/Commands/Server/rewrite.php(43): require_once('...')
#10 {main}
CRITICAL - 2023-09-22 23:54:18 --> Undefined array key "nama_kabupaten"
#0 /opt/lampp/htdocs/CodeIgniter4-4.1.9/app/Views/data_banjir/detail.php(30): CodeIgniter\Debug\Exceptions->errorHandler()
#1 /opt/lampp/htdocs/CodeIgniter4-4.1.9/system/View/View.php(210): include('...')
#2 /opt/lampp/htdocs/CodeIgniter4-4.1.9/system/View/View.php(213): CodeIgniter\View\View->CodeIgniter\View\{closure}()
#3 /opt/lampp/htdocs/CodeIgniter4-4.1.9/system/Common.php(1089): CodeIgniter\View\View->render()
#4 /opt/lampp/htdocs/CodeIgniter4-4.1.9/app/Controllers/Pelaporan.php(262): view()
#5 /opt/lampp/htdocs/CodeIgniter4-4.1.9/system/CodeIgniter.php(832): App\Controllers\Pelaporan->detail()
#6 /opt/lampp/htdocs/CodeIgniter4-4.1.9/system/CodeIgniter.php(419): CodeIgniter\CodeIgniter->runController()
#7 /opt/lampp/htdocs/CodeIgniter4-4.1.9/system/CodeIgniter.php(326): CodeIgniter\CodeIgniter->handleRequest()
#8 /opt/lampp/htdocs/CodeIgniter4-4.1.9/public/index.php(37): CodeIgniter\CodeIgniter->run()
#9 /opt/lampp/htdocs/CodeIgniter4-4.1.9/system/Commands/Server/rewrite.php(43): require_once('...')
#10 {main}
CRITICAL - 2023-09-22 23:54:40 --> Undefined array key "jumlah_rumah"
#0 /opt/lampp/htdocs/CodeIgniter4-4.1.9/app/Views/data_banjir/detail.php(31): CodeIgniter\Debug\Exceptions->errorHandler()
#1 /opt/lampp/htdocs/CodeIgniter4-4.1.9/system/View/View.php(210): include('...')
#2 /opt/lampp/htdocs/CodeIgniter4-4.1.9/system/View/View.php(213): CodeIgniter\View\View->CodeIgniter\View\{closure}()
#3 /opt/lampp/htdocs/CodeIgniter4-4.1.9/system/Common.php(1089): CodeIgniter\View\View->render()
#4 /opt/lampp/htdocs/CodeIgniter4-4.1.9/app/Controllers/Pelaporan.php(262): view()
#5 /opt/lampp/htdocs/CodeIgniter4-4.1.9/system/CodeIgniter.php(832): App\Controllers\Pelaporan->detail()
#6 /opt/lampp/htdocs/CodeIgniter4-4.1.9/system/CodeIgniter.php(419): CodeIgniter\CodeIgniter->runController()
#7 /opt/lampp/htdocs/CodeIgniter4-4.1.9/system/CodeIgniter.php(326): CodeIgniter\CodeIgniter->handleRequest()
#8 /opt/lampp/htdocs/CodeIgniter4-4.1.9/public/index.php(37): CodeIgniter\CodeIgniter->run()
#9 /opt/lampp/htdocs/CodeIgniter4-4.1.9/system/Commands/Server/rewrite.php(43): require_once('...')
#10 {main}
CRITICAL - 2023-09-22 23:58:56 --> Cannot use object of type stdClass as array
#0 /opt/lampp/htdocs/CodeIgniter4-4.1.9/system/View/View.php(210): include()
#1 /opt/lampp/htdocs/CodeIgniter4-4.1.9/system/View/View.php(213): CodeIgniter\View\View->CodeIgniter\View\{closure}()
#2 /opt/lampp/htdocs/CodeIgniter4-4.1.9/system/Common.php(1089): CodeIgniter\View\View->render()
#3 /opt/lampp/htdocs/CodeIgniter4-4.1.9/app/Controllers/Pelaporan.php(262): view()
#4 /opt/lampp/htdocs/CodeIgniter4-4.1.9/system/CodeIgniter.php(832): App\Controllers\Pelaporan->detail()
#5 /opt/lampp/htdocs/CodeIgniter4-4.1.9/system/CodeIgniter.php(419): CodeIgniter\CodeIgniter->runController()
#6 /opt/lampp/htdocs/CodeIgniter4-4.1.9/system/CodeIgniter.php(326): CodeIgniter\CodeIgniter->handleRequest()
#7 /opt/lampp/htdocs/CodeIgniter4-4.1.9/public/index.php(37): CodeIgniter\CodeIgniter->run()
#8 /opt/lampp/htdocs/CodeIgniter4-4.1.9/system/Commands/Server/rewrite.php(43): require_once('...')
#9 {main}
CRITICAL - 2023-09-22 23:59:35 --> Attempt to read property "nama_kabupaten" on array
#0 /opt/lampp/htdocs/CodeIgniter4-4.1.9/app/Views/data_banjir/detail.php(30): CodeIgniter\Debug\Exceptions->errorHandler()
#1 /opt/lampp/htdocs/CodeIgniter4-4.1.9/system/View/View.php(210): include('...')
#2 /opt/lampp/htdocs/CodeIgniter4-4.1.9/system/View/View.php(213): CodeIgniter\View\View->CodeIgniter\View\{closure}()
#3 /opt/lampp/htdocs/CodeIgniter4-4.1.9/system/Common.php(1089): CodeIgniter\View\View->render()
#4 /opt/lampp/htdocs/CodeIgniter4-4.1.9/app/Controllers/Pelaporan.php(262): view()
#5 /opt/lampp/htdocs/CodeIgniter4-4.1.9/system/CodeIgniter.php(832): App\Controllers\Pelaporan->detail()
#6 /opt/lampp/htdocs/CodeIgniter4-4.1.9/system/CodeIgniter.php(419): CodeIgniter\CodeIgniter->runController()
#7 /opt/lampp/htdocs/CodeIgniter4-4.1.9/system/CodeIgniter.php(326): CodeIgniter\CodeIgniter->handleRequest()
#8 /opt/lampp/htdocs/CodeIgniter4-4.1.9/public/index.php(37): CodeIgniter\CodeIgniter->run()
#9 /opt/lampp/htdocs/CodeIgniter4-4.1.9/system/Commands/Server/rewrite.php(43): require_once('...')
#10 {main}
